<?xml version="1.0" encoding="utf-8"?>
<CoverageSession xmlns:xsd="http://www.w3.org/2001/XMLSchema" xmlns:xsi="http://www.w3.org/2001/XMLSchema-instance" Version="4.7.1221.0">
  <Summary numSequencePoints="136" visitedSequencePoints="135" numBranchPoints="57" visitedBranchPoints="54" sequenceCoverage="99.26" branchCoverage="94.74" maxCyclomaticComplexity="8" minCyclomaticComplexity="1" maxCrapScore="8" minCrapScore="1" visitedClasses="9" numClasses="9" visitedMethods="28" numMethods="29" />
  <Modules>
    <Module skippedDueTo="Filter" hash="05-69-7E-BF-F7-CB-77-D2-AE-52-33-82-C6-13-2C-53-CA-6A-EF-F4">
      <ModulePath>C:\WINDOWS\Microsoft.Net\assembly\GAC_64\mscorlib\v4.0_4.0.0.0__b77a5c561934e089\mscorlib.dll</ModulePath>
      <ModuleTime>2022-04-06T05:33:38.0329695Z</ModuleTime>
      <ModuleName>mscorlib</ModuleName>
      <Classes />
    </Module>
    <Module skippedDueTo="Filter" hash="37-54-F7-BA-16-CA-7A-1C-77-B0-40-76-CC-01-CA-CB-3B-19-1E-44">
      <ModulePath>C:\Program Files\Microsoft Visual Studio\2022\Professional\Common7\IDE\CommonExtensions\Microsoft\TestWindow\VSTest.Console.exe</ModulePath>
      <ModuleTime>2022-08-18T15:21:29.5925041Z</ModuleTime>
      <ModuleName>vstest.console</ModuleName>
      <Classes />
    </Module>
    <Module skippedDueTo="Filter" hash="C3-57-CF-73-EF-18-3E-92-70-BB-4B-00-A6-E8-DA-36-3E-31-EC-6D">
      <ModulePath>C:\Program Files\Microsoft Visual Studio\2022\Professional\Common7\IDE\Extensions\TestPlatform\vstest.console.exe</ModulePath>
      <ModuleTime>2022-08-18T15:21:40.9178388Z</ModuleTime>
      <ModuleName>vstest.console</ModuleName>
      <Classes />
    </Module>
    <Module skippedDueTo="Filter" hash="EE-EB-D4-E3-9F-BD-5D-A8-0E-63-99-97-4A-49-51-4B-A0-50-82-0E">
      <ModulePath>C:\Program Files\Microsoft Visual Studio\2022\Professional\Common7\IDE\Extensions\TestPlatform\Microsoft.TestPlatform.CoreUtilities.dll</ModulePath>
      <ModuleTime>2022-08-18T15:21:37.7638435Z</ModuleTime>
      <ModuleName>Microsoft.TestPlatform.CoreUtilities</ModuleName>
      <Classes />
    </Module>
    <Module skippedDueTo="Filter" hash="66-2D-BF-71-B5-DC-C5-54-5B-DD-45-0E-26-2B-85-68-D7-64-0F-61">
      <ModulePath>C:\WINDOWS\Microsoft.Net\assembly\GAC_MSIL\System\v4.0_4.0.0.0__b77a5c561934e089\System.dll</ModulePath>
      <ModuleTime>2022-06-09T00:27:06.4140082Z</ModuleTime>
      <ModuleName>System</ModuleName>
      <Classes />
    </Module>
    <Module skippedDueTo="Filter" hash="45-90-5A-B7-A4-6D-4B-10-9E-7B-52-63-C6-8D-0E-6B-52-37-1D-21">
      <ModulePath>C:\Program Files\Microsoft Visual Studio\2022\Professional\Common7\IDE\Extensions\TestPlatform\Microsoft.TestPlatform.PlatformAbstractions.dll</ModulePath>
      <ModuleTime>2022-08-18T15:21:37.8258235Z</ModuleTime>
      <ModuleName>Microsoft.TestPlatform.PlatformAbstractions</ModuleName>
      <Classes />
    </Module>
    <Module skippedDueTo="Filter" hash="50-51-C0-98-CA-1C-5F-D7-E0-B6-64-FF-89-A2-BB-B3-70-6B-11-66">
      <ModulePath>C:\Program Files\Microsoft Visual Studio\2022\Professional\Common7\IDE\Extensions\TestPlatform\Microsoft.VisualStudio.TestPlatform.ObjectModel.dll</ModulePath>
      <ModuleTime>2022-08-18T15:21:39.0298157Z</ModuleTime>
      <ModuleName>Microsoft.VisualStudio.TestPlatform.ObjectModel</ModuleName>
      <Classes />
    </Module>
    <Module skippedDueTo="Filter" hash="E0-32-7A-CF-E0-DC-91-AC-A1-00-C1-5D-1E-F9-F6-3A-43-27-BB-B5">
      <ModulePath>C:\Program Files\Microsoft Visual Studio\2022\Professional\Common7\IDE\Extensions\TestPlatform\Microsoft.VisualStudio.TestPlatform.Client.dll</ModulePath>
      <ModuleTime>2022-08-18T15:21:38.9817997Z</ModuleTime>
      <ModuleName>Microsoft.VisualStudio.TestPlatform.Client</ModuleName>
      <Classes />
    </Module>
    <Module skippedDueTo="Filter" hash="F7-37-E5-F7-40-EC-70-EB-D9-84-34-19-C3-90-80-46-EB-A9-CA-94">
      <ModulePath>C:\Program Files\Microsoft Visual Studio\2022\Professional\Common7\IDE\Extensions\TestPlatform\Microsoft.VisualStudio.TestPlatform.Common.dll</ModulePath>
      <ModuleTime>2022-08-18T15:21:39.0018422Z</ModuleTime>
      <ModuleName>Microsoft.VisualStudio.TestPlatform.Common</ModuleName>
      <Classes />
    </Module>
    <Module skippedDueTo="Filter" hash="9F-54-37-E8-85-A5-36-4D-EF-89-83-99-BC-A0-7A-77-9F-39-89-38">
      <ModulePath>C:\WINDOWS\Microsoft.Net\assembly\GAC_MSIL\System.Core\v4.0_4.0.0.0__b77a5c561934e089\System.Core.dll</ModulePath>
      <ModuleTime>2022-06-09T00:27:06.3983787Z</ModuleTime>
      <ModuleName>System.Core</ModuleName>
      <Classes />
    </Module>
    <Module skippedDueTo="Filter" hash="DA-72-DA-8C-56-D2-30-3A-A5-9C-B3-A9-A9-6F-D8-2F-60-43-B5-A9">
      <ModulePath>C:\WINDOWS\Microsoft.Net\assembly\GAC_MSIL\System.Xml\v4.0_4.0.0.0__b77a5c561934e089\System.Xml.dll</ModulePath>
      <ModuleTime>2019-12-07T09:10:37.7737543Z</ModuleTime>
      <ModuleName>System.Xml</ModuleName>
      <Classes />
    </Module>
    <Module skippedDueTo="Filter" hash="2D-0C-56-9A-93-B5-91-C7-4C-4F-A8-97-CA-C0-F1-73-64-CC-BC-80">
      <ModulePath>C:\Program Files\Microsoft Visual Studio\2022\Professional\Common7\IDE\Extensions\TestPlatform\Microsoft.TestPlatform.Utilities.dll</ModulePath>
      <ModuleTime>2022-08-18T15:21:37.8478173Z</ModuleTime>
      <ModuleName>Microsoft.TestPlatform.Utilities</ModuleName>
      <Classes />
    </Module>
    <Module skippedDueTo="Filter" hash="B8-06-35-1F-5C-DD-25-2E-69-D6-CB-B6-D4-99-D8-AC-4A-C8-7B-D3">
      <ModulePath>C:\Program Files\Microsoft Visual Studio\2022\Professional\Common7\IDE\Extensions\TestPlatform\NuGet.Frameworks.dll</ModulePath>
      <ModuleTime>2022-08-18T15:21:39.5368116Z</ModuleTime>
      <ModuleName>NuGet.Frameworks</ModuleName>
      <Classes />
    </Module>
    <Module skippedDueTo="Filter" hash="C8-2E-64-82-9F-3E-E5-68-28-EC-A3-5B-05-18-0A-CC-70-C1-0D-04">
      <ModulePath>C:\WINDOWS\Microsoft.Net\assembly\GAC_MSIL\System.Configuration\v4.0_4.0.0.0__b03f5f7f11d50a3a\System.Configuration.dll</ModulePath>
      <ModuleTime>2020-06-05T05:04:05.335002Z</ModuleTime>
      <ModuleName>System.Configuration</ModuleName>
      <Classes />
    </Module>
    <Module skippedDueTo="Filter" hash="21-A3-50-7A-BB-F9-3B-97-D0-86-7E-29-16-61-36-5D-B1-E9-BA-8A">
      <ModulePath>C:\Program Files\Microsoft Visual Studio\2022\Professional\Common7\IDE\Extensions\TestPlatform\Microsoft.Extensions.FileSystemGlobbing.dll</ModulePath>
      <ModuleTime>2022-08-18T15:21:37.5285071Z</ModuleTime>
      <ModuleName>Microsoft.Extensions.FileSystemGlobbing</ModuleName>
      <Classes />
    </Module>
    <Module skippedDueTo="Filter" hash="F4-78-53-E7-28-32-9D-89-FA-C3-13-40-EB-98-79-B2-7E-CE-5D-27">
      <ModulePath>C:\Program Files\Microsoft Visual Studio\2022\Professional\Common7\IDE\Extensions\TestPlatform\Microsoft.TestPlatform.CrossPlatEngine.dll</ModulePath>
      <ModuleTime>2022-08-18T15:21:37.7898507Z</ModuleTime>
      <ModuleName>Microsoft.TestPlatform.CrossPlatEngine</ModuleName>
      <Classes />
    </Module>
    <Module skippedDueTo="Filter" hash="21-5D-63-39-15-01-D1-50-FD-DA-C7-92-87-0E-DA-34-54-A5-BA-75">
      <ModulePath>C:\Program Files\Microsoft Visual Studio\2022\Professional\Common7\IDE\Extensions\TestPlatform\Extensions\Microsoft.TestPlatform.Extensions.BlameDataCollector.dll</ModulePath>
      <ModuleTime>2022-08-18T15:21:35.5126177Z</ModuleTime>
      <ModuleName>Microsoft.TestPlatform.Extensions.BlameDataCollector</ModuleName>
      <Classes />
    </Module>
    <Module skippedDueTo="Filter" hash="F1-D3-C4-19-F0-A3-97-CA-EE-78-EA-BA-5F-97-56-C8-6D-7F-01-45">
      <ModulePath>C:\Program Files\Microsoft Visual Studio\2022\Professional\Common7\IDE\Extensions\TestPlatform\System.Reflection.Metadata.dll</ModulePath>
      <ModuleTime>2022-08-18T15:21:40.2968119Z</ModuleTime>
      <ModuleName>System.Reflection.Metadata</ModuleName>
      <Classes />
    </Module>
    <Module skippedDueTo="Filter" hash="69-5D-5D-9B-F7-23-8F-39-AB-08-BC-FE-2D-BB-F7-A6-09-5F-62-AF">
      <ModulePath>C:\WINDOWS\Microsoft.Net\assembly\GAC_MSIL\System.Runtime\v4.0_4.0.0.0__b03f5f7f11d50a3a\System.Runtime.dll</ModulePath>
      <ModuleTime>2019-12-07T09:10:34.4923358Z</ModuleTime>
      <ModuleName>System.Runtime</ModuleName>
      <Classes />
    </Module>
    <Module skippedDueTo="Filter" hash="1A-C0-32-0E-C5-53-1C-78-D4-5F-19-7F-02-40-91-22-61-53-E5-46">
      <ModulePath>C:\WINDOWS\Microsoft.Net\assembly\GAC_MSIL\System.Runtime.InteropServices\v4.0_4.0.0.0__b03f5f7f11d50a3a\System.Runtime.InteropServices.dll</ModulePath>
      <ModuleTime>2019-12-07T09:10:35.9300981Z</ModuleTime>
      <ModuleName>System.Runtime.InteropServices</ModuleName>
      <Classes />
    </Module>
    <Module skippedDueTo="Filter" hash="8E-25-51-80-B6-FC-23-97-DE-18-0B-AA-0D-F2-A4-AD-97-C1-6A-8D">
      <ModulePath>C:\WINDOWS\Microsoft.Net\assembly\GAC_MSIL\System.IO\v4.0_4.0.0.0__b03f5f7f11d50a3a\System.IO.dll</ModulePath>
      <ModuleTime>2019-12-07T09:10:34.5552678Z</ModuleTime>
      <ModuleName>System.IO</ModuleName>
      <Classes />
    </Module>
    <Module skippedDueTo="Filter" hash="FB-BF-29-CE-7B-65-70-2C-55-E7-9A-03-D5-24-9F-04-A1-39-0C-A6">
      <ModulePath>C:\Program Files\Microsoft Visual Studio\2022\Professional\Common7\IDE\Extensions\TestPlatform\System.Collections.Immutable.dll</ModulePath>
      <ModuleTime>2022-08-18T15:21:40.2738218Z</ModuleTime>
      <ModuleName>System.Collections.Immutable</ModuleName>
      <Classes />
    </Module>
    <Module skippedDueTo="Filter" hash="A9-B8-38-52-F8-47-F1-F7-B1-42-BD-5D-0D-13-50-FA-8A-F5-08-DC">
      <ModulePath>C:\WINDOWS\Microsoft.Net\assembly\GAC_MSIL\System.Reflection\v4.0_4.0.0.0__b03f5f7f11d50a3a\System.Reflection.dll</ModulePath>
      <ModuleTime>2019-12-07T09:10:36.0237545Z</ModuleTime>
      <ModuleName>System.Reflection</ModuleName>
      <Classes />
    </Module>
    <Module skippedDueTo="Filter" hash="29-E2-55-07-C8-69-DD-86-D5-1E-15-EB-9A-30-ED-35-C2-B9-03-56">
      <ModulePath>C:\WINDOWS\Microsoft.Net\assembly\GAC_MSIL\System.IO.FileSystem\v4.0_4.0.0.0__b03f5f7f11d50a3a\System.IO.FileSystem.dll</ModulePath>
      <ModuleTime>2019-12-07T09:10:36.0095245Z</ModuleTime>
      <ModuleName>System.IO.FileSystem</ModuleName>
      <Classes />
    </Module>
    <Module skippedDueTo="Filter" hash="A5-4A-8D-3E-92-F3-E6-8A-37-31-3B-55-FF-F9-42-71-EA-75-C1-69">
      <ModulePath>C:\WINDOWS\Microsoft.Net\assembly\GAC_MSIL\System.IO.MemoryMappedFiles\v4.0_4.0.0.0__b03f5f7f11d50a3a\System.IO.MemoryMappedFiles.dll</ModulePath>
      <ModuleTime>2019-12-07T09:10:34.5552678Z</ModuleTime>
      <ModuleName>System.IO.MemoryMappedFiles</ModuleName>
      <Classes />
    </Module>
    <Module skippedDueTo="Filter" hash="43-A6-0D-38-57-A9-43-74-96-CC-94-35-A8-4D-BE-B5-A6-1E-21-29">
      <ModulePath>C:\WINDOWS\Microsoft.Net\assembly\GAC_MSIL\System.Runtime.Handles\v4.0_4.0.0.0__b03f5f7f11d50a3a\System.Runtime.Handles.dll</ModulePath>
      <ModuleTime>2019-12-07T09:10:37.6643716Z</ModuleTime>
      <ModuleName>System.Runtime.Handles</ModuleName>
      <Classes />
    </Module>
    <Module skippedDueTo="Filter" hash="0D-4A-54-7F-D3-8D-3F-CB-0E-41-6D-19-BA-DE-3E-8E-24-AC-CF-F5">
      <ModulePath>C:\WINDOWS\Microsoft.Net\assembly\GAC_MSIL\System.Reflection.Extensions\v4.0_4.0.0.0__b03f5f7f11d50a3a\System.Reflection.Extensions.dll</ModulePath>
      <ModuleTime>2019-12-07T09:10:37.7113237Z</ModuleTime>
      <ModuleName>System.Reflection.Extensions</ModuleName>
      <Classes />
    </Module>
    <Module skippedDueTo="Filter" hash="C6-18-EC-70-A3-C4-0D-6D-5D-3C-70-6D-21-0F-07-83-E2-12-E9-30">
      <ModulePath>C:\WINDOWS\Microsoft.Net\assembly\GAC_MSIL\System.Threading\v4.0_4.0.0.0__b03f5f7f11d50a3a\System.Threading.dll</ModulePath>
      <ModuleTime>2019-12-07T09:10:34.5860246Z</ModuleTime>
      <ModuleName>System.Threading</ModuleName>
      <Classes />
    </Module>
    <Module skippedDueTo="Filter" hash="3B-54-9E-DF-F9-FC-C4-94-AC-51-5D-4C-31-68-2A-24-99-9B-3C-FA">
      <ModulePath>C:\WINDOWS\Microsoft.Net\assembly\GAC_MSIL\System.Text.Encoding\v4.0_4.0.0.0__b03f5f7f11d50a3a\System.Text.Encoding.dll</ModulePath>
      <ModuleTime>2019-12-07T09:10:36.0705812Z</ModuleTime>
      <ModuleName>System.Text.Encoding</ModuleName>
      <Classes />
    </Module>
    <Module skippedDueTo="Filter" hash="E6-96-E0-ED-94-95-52-F4-BC-21-B7-D5-9B-3E-92-E7-68-62-3B-E3">
      <ModulePath>C:\WINDOWS\Microsoft.Net\assembly\GAC_MSIL\System.Runtime.Extensions\v4.0_4.0.0.0__b03f5f7f11d50a3a\System.Runtime.Extensions.dll</ModulePath>
      <ModuleTime>2019-12-07T09:10:37.6174386Z</ModuleTime>
      <ModuleName>System.Runtime.Extensions</ModuleName>
      <Classes />
    </Module>
    <Module skippedDueTo="Filter" hash="A9-B5-99-95-3D-BC-63-C8-0C-36-BC-93-7E-F1-FA-63-10-36-B9-50">
      <ModulePath>C:\WINDOWS\Microsoft.Net\assembly\GAC_MSIL\System.Text.Encoding.Extensions\v4.0_4.0.0.0__b03f5f7f11d50a3a\System.Text.Encoding.Extensions.dll</ModulePath>
      <ModuleTime>2019-12-07T09:10:36.1495949Z</ModuleTime>
      <ModuleName>System.Text.Encoding.Extensions</ModuleName>
      <Classes />
    </Module>
    <Module skippedDueTo="Filter" hash="E4-03-D4-7D-97-22-A1-74-90-82-5A-E6-57-D8-90-B6-1E-57-8E-6D">
      <ModulePath>C:\Program Files\Microsoft Visual Studio\2022\Professional\Common7\IDE\Extensions\TestPlatform\Extensions\Microsoft.TestPlatform.Extensions.EventLogCollector.dll</ModulePath>
      <ModuleTime>2022-08-18T15:21:35.5326153Z</ModuleTime>
      <ModuleName>Microsoft.TestPlatform.Extensions.EventLogCollector</ModuleName>
      <Classes />
    </Module>
    <Module skippedDueTo="Filter" hash="C2-BC-02-52-71-31-83-87-0B-6D-FE-FE-57-A6-51-82-FA-94-C3-D3">
      <ModulePath>C:\Program Files\Microsoft Visual Studio\2022\Professional\Common7\IDE\Extensions\TestPlatform\Extensions\Microsoft.TestPlatform.TestHostRuntimeProvider.dll</ModulePath>
      <ModuleTime>2022-08-18T15:21:35.5546249Z</ModuleTime>
      <ModuleName>Microsoft.TestPlatform.TestHostRuntimeProvider</ModuleName>
      <Classes />
    </Module>
    <Module skippedDueTo="Filter" hash="4F-F6-2B-9B-7D-E2-B5-6A-77-3E-2D-D9-6E-DB-32-29-0C-F7-13-99">
      <ModulePath>C:\Program Files\Microsoft Visual Studio\2022\Professional\Common7\IDE\Extensions\TestPlatform\Microsoft.VisualStudio.ArchitectureTools.PEReader.dll</ModulePath>
      <ModuleTime>2022-08-18T15:21:37.9138149Z</ModuleTime>
      <ModuleName>Microsoft.VisualStudio.ArchitectureTools.PEReader</ModuleName>
      <Classes />
    </Module>
    <Module skippedDueTo="Filter" hash="4F-F6-2B-9B-7D-E2-B5-6A-77-3E-2D-D9-6E-DB-32-29-0C-F7-13-99">
      <ModulePath>C:\Program Files\Microsoft Visual Studio\2022\Professional\Common7\IDE\Extensions\TestPlatform\Extensions\Microsoft.VisualStudio.ArchitectureTools.PEReader.dll</ModulePath>
      <ModuleTime>2022-08-18T15:21:35.6646161Z</ModuleTime>
      <ModuleName>Microsoft.VisualStudio.ArchitectureTools.PEReader</ModuleName>
      <Classes />
    </Module>
    <Module skippedDueTo="Filter" hash="3D-09-AD-0A-35-CB-0C-2B-E8-DE-34-FD-09-0D-49-EF-22-49-EC-A6">
      <ModulePath>C:\Program Files\Microsoft Visual Studio\2022\Professional\Common7\IDE\Extensions\TestPlatform\Extensions\Microsoft.VisualStudio.TestPlatform.Extensions.CodedWebTestAdapter.dll</ModulePath>
      <ModuleTime>2022-08-18T15:21:35.7176266Z</ModuleTime>
      <ModuleName>Microsoft.VisualStudio.TestPlatform.Extensions.CodedWebTestAdapter</ModuleName>
      <Classes />
    </Module>
    <Module skippedDueTo="Filter" hash="6B-50-F6-A5-E7-1B-70-A9-94-11-3C-77-96-36-AB-C0-8B-70-A8-FC">
      <ModulePath>C:\Program Files\Microsoft Visual Studio\2022\Professional\Common7\IDE\Extensions\TestPlatform\Extensions\Microsoft.VisualStudio.TestPlatform.Extensions.TmiAdapter.dll</ModulePath>
      <ModuleTime>2022-08-18T15:21:35.753636Z</ModuleTime>
      <ModuleName>Microsoft.VisualStudio.TestPlatform.Extensions.TmiAdapter</ModuleName>
      <Classes />
    </Module>
    <Module skippedDueTo="Filter" hash="16-22-0B-A4-89-A2-C2-6B-CD-99-19-35-3B-81-85-C1-B2-46-29-81">
      <ModulePath>C:\Program Files\Microsoft Visual Studio\2022\Professional\Common7\IDE\Extensions\TestPlatform\Microsoft.VisualStudio.QualityTools.Common.dll</ModulePath>
      <ModuleTime>2022-08-18T15:21:38.2198139Z</ModuleTime>
      <ModuleName>Microsoft.VisualStudio.QualityTools.Common</ModuleName>
      <Classes />
    </Module>
    <Module skippedDueTo="Filter" hash="03-08-F8-88-57-34-98-95-36-9B-2A-9D-DA-E1-44-88-73-46-ED-3E">
      <ModulePath>C:\Program Files\Microsoft Visual Studio\2022\Professional\Common7\IDE\Extensions\TestPlatform\Extensions\Microsoft.VisualStudio.TestPlatform.Extensions.Html.TestLogger.dll</ModulePath>
      <ModuleTime>2022-08-18T15:21:35.7356277Z</ModuleTime>
      <ModuleName>Microsoft.VisualStudio.TestPlatform.Extensions.Html.TestLogger</ModuleName>
      <Classes />
    </Module>
    <Module skippedDueTo="Filter" hash="28-B0-3C-A9-7C-04-09-F2-05-8A-C5-76-FA-36-11-62-14-6C-EA-7B">
      <ModulePath>C:\Program Files\Microsoft Visual Studio\2022\Professional\Common7\IDE\Extensions\TestPlatform\Extensions\Microsoft.VisualStudio.TestPlatform.Extensions.Trx.TestLogger.dll</ModulePath>
      <ModuleTime>2022-08-18T15:21:35.7726431Z</ModuleTime>
      <ModuleName>Microsoft.VisualStudio.TestPlatform.Extensions.Trx.TestLogger</ModuleName>
      <Classes />
    </Module>
    <Module skippedDueTo="Filter" hash="7F-D3-54-61-F6-39-DC-1F-C4-96-6F-B0-5A-59-97-73-01-48-8B-25">
      <ModulePath>C:\Program Files\Microsoft Visual Studio\2022\Professional\Common7\IDE\Extensions\TestPlatform\Extensions\Microsoft.VisualStudio.TestPlatform.Extensions.VSTestIntegration.dll</ModulePath>
      <ModuleTime>2022-08-18T15:21:35.7986608Z</ModuleTime>
      <ModuleName>Microsoft.VisualStudio.TestPlatform.Extensions.VSTestIntegration</ModuleName>
      <Classes />
    </Module>
    <Module skippedDueTo="Filter" hash="14-FA-42-4F-3B-5F-EE-45-BE-20-5C-74-FD-EA-02-EA-C7-73-F1-6B">
      <ModulePath>C:\Program Files\Microsoft Visual Studio\2022\Professional\Common7\IDE\Extensions\TestPlatform\Microsoft.VisualStudio.QualityTools.UnitTestFramework.dll</ModulePath>
      <ModuleTime>2022-08-18T15:21:38.8988429Z</ModuleTime>
      <ModuleName>Microsoft.VisualStudio.QualityTools.UnitTestFramework</ModuleName>
      <Classes />
    </Module>
    <Module skippedDueTo="Filter" hash="3E-7E-D6-1B-76-69-1F-80-6A-AB-F2-83-8F-3F-A6-69-46-1D-51-67">
      <ModulePath>C:\WINDOWS\Microsoft.Net\assembly\GAC_64\System.Data\v4.0_4.0.0.0__b77a5c561934e089\System.Data.dll</ModulePath>
      <ModuleTime>2022-06-09T00:15:38.959978Z</ModuleTime>
      <ModuleName>System.Data</ModuleName>
      <Classes />
    </Module>
    <Module skippedDueTo="Filter" hash="41-F5-5E-57-6D-32-29-CD-69-F7-81-6C-B8-40-7B-47-7C-E4-F2-2A">
      <ModulePath>C:\Program Files\Microsoft Visual Studio\2022\Professional\Common7\IDE\Extensions\TestPlatform\Extensions\Microsoft.VisualStudio.TestPlatform.Extensions.WebTestAdapter.dll</ModulePath>
      <ModuleTime>2022-08-18T15:21:35.8246482Z</ModuleTime>
      <ModuleName>Microsoft.VisualStudio.TestPlatform.Extensions.WebTestAdapter</ModuleName>
      <Classes />
    </Module>
    <Module skippedDueTo="Filter" hash="06-46-0A-57-39-91-A8-C9-65-43-15-2F-B9-44-FB-D9-E5-17-A2-93">
      <ModulePath>C:\Program Files\Microsoft Visual Studio\2022\Professional\Common7\IDE\Extensions\TestPlatform\Extensions\Microsoft.VisualStudio.TestTools.CppUnitTestFramework.ComInterfaces.dll</ModulePath>
      <ModuleTime>2022-08-18T15:21:35.845643Z</ModuleTime>
      <ModuleName>Microsoft.VisualStudio.TestTools.CppUnitTestFramework.ComInterfaces</ModuleName>
      <Classes />
    </Module>
    <Module skippedDueTo="Filter" hash="03-7B-52-0D-A4-DD-F9-9B-F2-BA-A8-4E-7C-37-8E-4C-8E-F6-1B-F9">
      <ModulePath>C:\Program Files\Microsoft Visual Studio\2022\Professional\Common7\IDE\Extensions\TestPlatform\Extensions\Microsoft.VisualStudio.TestTools.CppUnitTestFramework.CppUnitTestExtension.dll</ModulePath>
      <ModuleTime>2022-08-18T15:21:35.8586614Z</ModuleTime>
      <ModuleName>Microsoft.VisualStudio.TestTools.CppUnitTestFramework.CppUnitTestExtension</ModuleName>
      <Classes />
    </Module>
    <Module skippedDueTo="Filter" hash="D0-01-CE-4B-A6-21-9C-0F-19-AD-AD-9C-56-95-C0-87-42-78-74-56">
      <ModulePath>C:\Program Files\Microsoft Visual Studio\2022\Professional\Common7\IDE\Extensions\TestPlatform\Extensions\Microsoft.VisualStudio.TestTools.DataCollection.MediaRecorder.Model.dll</ModulePath>
      <ModuleTime>2022-08-18T15:21:35.8836396Z</ModuleTime>
      <ModuleName>Microsoft.VisualStudio.TestTools.DataCollection.MediaRecorder.Model</ModuleName>
      <Classes />
    </Module>
    <Module skippedDueTo="Filter" hash="17-DE-4F-2D-EF-40-45-A7-6C-E1-66-B8-0B-5D-88-EF-82-E5-E0-0C">
      <ModulePath>C:\Program Files\Microsoft Visual Studio\2022\Professional\Common7\IDE\Extensions\TestPlatform\Extensions\Microsoft.VisualStudio.TestTools.DataCollection.VideoRecorderCollector.dll</ModulePath>
      <ModuleTime>2022-08-18T15:21:35.895661Z</ModuleTime>
      <ModuleName>Microsoft.VisualStudio.TestTools.DataCollection.VideoRecorderCollector</ModuleName>
      <Classes />
    </Module>
    <Module skippedDueTo="Filter" hash="9B-33-53-34-3B-46-B4-9A-B6-4F-F7-AE-22-EF-3E-CF-F8-B1-62-18">
      <ModulePath>C:\Program Files\Microsoft Visual Studio\2022\Professional\Common7\IDE\Extensions\TestPlatform\Extensions\Microsoft.VisualStudio.UwpTestHostRuntimeProvider.dll</ModulePath>
      <ModuleTime>2022-08-18T15:30:20.5192689Z</ModuleTime>
      <ModuleName>Microsoft.VisualStudio.UwpTestHostRuntimeProvider</ModuleName>
      <Classes />
    </Module>
    <Module skippedDueTo="Filter" hash="7B-49-CB-5A-47-CB-25-AF-7B-B0-93-5C-E2-03-50-DE-81-BF-5C-A8">
      <ModulePath>C:\Program Files\Microsoft Visual Studio\2022\Professional\Common7\IDE\Extensions\TestPlatform\Microsoft.VisualStudio.Telemetry.dll</ModulePath>
      <ModuleTime>2022-08-18T15:30:20.561273Z</ModuleTime>
      <ModuleName>Microsoft.VisualStudio.Telemetry</ModuleName>
      <Classes />
    </Module>
    <Module skippedDueTo="Filter" hash="D3-DB-45-D7-E0-02-99-24-85-F4-4D-42-28-D2-28-20-3E-1A-01-55">
      <ModulePath>C:\Program Files\Microsoft Visual Studio\2022\Professional\Common7\IDE\Extensions\TestPlatform\Microsoft.VisualStudio.UwpTestHostRuntimeProvider.Deployment.dll</ModulePath>
      <ModuleTime>2022-08-18T15:30:20.5682722Z</ModuleTime>
      <ModuleName>Microsoft.VisualStudio.UwpTestHostRuntimeProvider.Deployment</ModuleName>
      <Classes />
    </Module>
    <Module skippedDueTo="Filter" hash="E6-1A-57-75-9D-B1-BC-3A-E6-49-AB-67-0C-CA-99-79-4D-FE-C9-30">
      <ModulePath>C:\Program Files\Microsoft Visual Studio\2022\Professional\Common7\IDE\Extensions\TestPlatform\Microsoft.TestPlatform.CommunicationUtilities.dll</ModulePath>
      <ModuleTime>2022-08-18T15:21:37.7418197Z</ModuleTime>
      <ModuleName>Microsoft.TestPlatform.CommunicationUtilities</ModuleName>
      <Classes />
    </Module>
    <Module skippedDueTo="Filter" hash="2F-B1-22-95-47-C4-81-31-39-2B-88-BC-13-CC-4A-FF-EC-F3-1D-8C">
      <ModulePath>C:\Program Files\Microsoft Visual Studio\2022\Professional\Common7\IDE\Extensions\TestPlatform\Newtonsoft.Json.dll</ModulePath>
      <ModuleTime>2022-08-18T15:21:39.4878089Z</ModuleTime>
      <ModuleName>Newtonsoft.Json</ModuleName>
      <Classes />
    </Module>
    <Module skippedDueTo="Filter" hash="3B-15-C4-51-09-CB-B6-1B-16-00-BA-FE-DE-52-75-F1-94-79-34-C5">
      <ModulePath>C:\Program Files\dotnet\shared\Microsoft.NETCore.App\6.0.8\System.Private.CoreLib.dll</ModulePath>
      <ModuleTime>2022-07-22T13:46:18Z</ModuleTime>
      <ModuleName>System.Private.CoreLib</ModuleName>
      <Classes />
    </Module>
    <Module skippedDueTo="Filter" hash="EC-A3-7A-DC-36-47-6A-55-9B-96-0D-C4-DE-04-32-5B-4A-BE-6B-E0">
      <ModulePath>C:\Users\Iain.Stevenson\Source\Repos\tectest-1\src\tectest1.Api.Domain.Tests\bin\Debug\net6.0\testhost.dll</ModulePath>
      <ModuleTime>2022-02-16T03:15:52Z</ModuleTime>
      <ModuleName>testhost</ModuleName>
      <Classes />
    </Module>
    <Module skippedDueTo="Filter" hash="FA-1C-C2-1B-68-7C-23-9B-2D-4B-A2-76-C5-38-D6-C3-3B-DE-60-45">
      <ModulePath>C:\Program Files\dotnet\shared\Microsoft.NETCore.App\6.0.8\System.Runtime.dll</ModulePath>
      <ModuleTime>2022-07-22T13:46:32Z</ModuleTime>
      <ModuleName>System.Runtime</ModuleName>
      <Classes />
    </Module>
    <Module skippedDueTo="Filter" hash="1B-3F-A6-DD-2E-A3-29-4B-0F-A1-FB-B4-99-85-F5-6C-09-1B-A1-14">
      <ModulePath>C:\Users\Iain.Stevenson\Source\Repos\tectest-1\src\tectest1.Api.Domain.Tests\bin\Debug\net6.0\Microsoft.TestPlatform.CoreUtilities.dll</ModulePath>
      <ModuleTime>2022-02-16T03:09:06Z</ModuleTime>
      <ModuleName>Microsoft.TestPlatform.CoreUtilities</ModuleName>
      <Classes />
    </Module>
    <Module skippedDueTo="Filter" hash="21-9F-70-1E-0C-2C-69-D6-6B-FF-B5-F8-25-94-4B-D3-ED-65-86-C2">
      <ModulePath>C:\Program Files\dotnet\shared\Microsoft.NETCore.App\6.0.8\netstandard.dll</ModulePath>
      <ModuleTime>2022-07-22T13:45:22Z</ModuleTime>
      <ModuleName>netstandard</ModuleName>
      <Classes />
    </Module>
    <Module skippedDueTo="Filter" hash="B9-42-D9-B5-4A-08-B2-68-E4-8E-CC-E2-ED-F1-5F-E0-F2-78-3D-D4">
      <ModulePath>C:\Program Files\dotnet\shared\Microsoft.NETCore.App\6.0.8\System.Diagnostics.Tracing.dll</ModulePath>
      <ModuleTime>2022-07-22T13:46:30Z</ModuleTime>
      <ModuleName>System.Diagnostics.Tracing</ModuleName>
      <Classes />
    </Module>
    <Module skippedDueTo="Filter" hash="37-FA-75-DB-41-22-11-35-4D-11-8B-E6-A8-5F-69-BA-1A-FC-FB-DF">
      <ModulePath>C:\Users\Iain.Stevenson\Source\Repos\tectest-1\src\tectest1.Api.Domain.Tests\bin\Debug\net6.0\Microsoft.TestPlatform.PlatformAbstractions.dll</ModulePath>
      <ModuleTime>2022-02-16T03:15:52Z</ModuleTime>
      <ModuleName>Microsoft.TestPlatform.PlatformAbstractions</ModuleName>
      <Classes />
    </Module>
    <Module skippedDueTo="Filter" hash="4B-F7-89-0E-8E-03-2C-2B-A0-FE-5B-80-87-28-77-F6-2D-1C-CB-4F">
      <ModulePath>C:\Program Files\dotnet\shared\Microsoft.NETCore.App\6.0.8\System.Runtime.Extensions.dll</ModulePath>
      <ModuleTime>2022-07-22T13:46:34Z</ModuleTime>
      <ModuleName>System.Runtime.Extensions</ModuleName>
      <Classes />
    </Module>
    <Module skippedDueTo="Filter" hash="74-67-4A-EF-BD-27-17-EF-E0-8A-D8-24-5D-41-53-C2-06-87-64-CD">
      <ModulePath>C:\Program Files\dotnet\shared\Microsoft.NETCore.App\6.0.8\System.Diagnostics.Process.dll</ModulePath>
      <ModuleTime>2022-07-22T13:45:52Z</ModuleTime>
      <ModuleName>System.Diagnostics.Process</ModuleName>
      <Classes />
    </Module>
    <Module skippedDueTo="Filter" hash="AA-5E-1B-B4-6F-85-AB-31-01-80-08-FF-FC-E7-D1-92-9B-74-36-57">
      <ModulePath>C:\Program Files\dotnet\shared\Microsoft.NETCore.App\6.0.8\System.ComponentModel.Primitives.dll</ModulePath>
      <ModuleTime>2022-07-22T13:45:52Z</ModuleTime>
      <ModuleName>System.ComponentModel.Primitives</ModuleName>
      <Classes />
    </Module>
    <Module skippedDueTo="Filter" hash="3C-1C-16-A2-3E-03-7D-C7-33-BE-37-54-C9-13-86-9A-BB-1F-AC-35">
      <ModulePath>C:\Program Files\dotnet\shared\Microsoft.NETCore.App\6.0.8\System.Diagnostics.Debug.dll</ModulePath>
      <ModuleTime>2022-07-22T13:46:30Z</ModuleTime>
      <ModuleName>System.Diagnostics.Debug</ModuleName>
      <Classes />
    </Module>
    <Module skippedDueTo="Filter" hash="1A-17-8B-AC-CF-BF-0F-90-67-A3-1C-C3-36-5D-06-04-D6-0D-92-E3">
      <ModulePath>C:\Program Files\dotnet\shared\Microsoft.NETCore.App\6.0.8\System.Threading.Thread.dll</ModulePath>
      <ModuleTime>2022-07-22T13:46:34Z</ModuleTime>
      <ModuleName>System.Threading.Thread</ModuleName>
      <Classes />
    </Module>
    <Module skippedDueTo="Filter" hash="A4-18-D6-27-B7-ED-68-DD-E3-0D-FA-FE-A8-9F-87-78-A4-3B-1E-49">
      <ModulePath>C:\Program Files\dotnet\shared\Microsoft.NETCore.App\6.0.8\System.Collections.dll</ModulePath>
      <ModuleTime>2022-07-22T13:45:46Z</ModuleTime>
      <ModuleName>System.Collections</ModuleName>
      <Classes />
    </Module>
    <Module skippedDueTo="Filter" hash="3C-D8-86-D3-8B-87-65-70-A8-F9-B9-63-24-D5-66-AF-BE-55-7A-40">
      <ModulePath>C:\Users\Iain.Stevenson\Source\Repos\tectest-1\src\tectest1.Api.Domain.Tests\bin\Debug\net6.0\Microsoft.TestPlatform.CrossPlatEngine.dll</ModulePath>
      <ModuleTime>2022-02-16T03:15:26Z</ModuleTime>
      <ModuleName>Microsoft.TestPlatform.CrossPlatEngine</ModuleName>
      <Classes />
    </Module>
    <Module skippedDueTo="Filter" hash="D0-91-FC-03-6F-49-64-3B-A4-C8-2D-7A-5A-80-1F-A5-B3-49-01-96">
      <ModulePath>C:\Users\Iain.Stevenson\Source\Repos\tectest-1\src\tectest1.Api.Domain.Tests\bin\Debug\net6.0\Microsoft.TestPlatform.CommunicationUtilities.dll</ModulePath>
      <ModuleTime>2022-02-16T03:15:54Z</ModuleTime>
      <ModuleName>Microsoft.TestPlatform.CommunicationUtilities</ModuleName>
      <Classes />
    </Module>
    <Module skippedDueTo="Filter" hash="52-CF-87-A5-21-F3-1F-90-DE-9E-5E-EC-76-2C-3B-A8-35-0A-05-92">
      <ModulePath>C:\Users\Iain.Stevenson\Source\Repos\tectest-1\src\tectest1.Api.Domain.Tests\bin\Debug\net6.0\Microsoft.VisualStudio.TestPlatform.ObjectModel.dll</ModulePath>
      <ModuleTime>2022-02-16T03:10:12Z</ModuleTime>
      <ModuleName>Microsoft.VisualStudio.TestPlatform.ObjectModel</ModuleName>
      <Classes />
    </Module>
    <Module skippedDueTo="Filter" hash="4B-54-7A-7E-72-AB-13-4E-99-95-81-5B-6F-69-4E-29-A1-E2-83-A9">
      <ModulePath>C:\Users\Iain.Stevenson\Source\Repos\tectest-1\src\tectest1.Api.Domain.Tests\bin\Debug\net6.0\Microsoft.VisualStudio.TestPlatform.Common.dll</ModulePath>
      <ModuleTime>2022-02-16T03:15:54Z</ModuleTime>
      <ModuleName>Microsoft.VisualStudio.TestPlatform.Common</ModuleName>
      <Classes />
    </Module>
    <Module skippedDueTo="Filter" hash="53-D0-A3-B9-10-36-09-21-32-F4-D0-88-75-00-B5-DC-77-89-1D-78">
      <ModulePath>C:\Users\Iain.Stevenson\Source\Repos\tectest-1\src\tectest1.Api.Domain.Tests\bin\Debug\net6.0\Newtonsoft.Json.dll</ModulePath>
      <ModuleTime>2016-06-13T23:06:14Z</ModuleTime>
      <ModuleName>Newtonsoft.Json</ModuleName>
      <Classes />
    </Module>
    <Module skippedDueTo="Filter" hash="0F-1F-71-4C-B2-13-8D-71-02-72-BA-0B-FD-6D-B7-66-6A-13-EF-45">
      <ModulePath>C:\Program Files\dotnet\shared\Microsoft.NETCore.App\6.0.8\System.Runtime.Serialization.Primitives.dll</ModulePath>
      <ModuleTime>2022-07-22T13:46:20Z</ModuleTime>
      <ModuleName>System.Runtime.Serialization.Primitives</ModuleName>
      <Classes />
    </Module>
    <Module skippedDueTo="Filter" hash="99-41-88-6F-0B-03-2F-BF-22-EA-A2-C7-C7-FC-D1-44-4A-F6-61-5A">
      <ModulePath>C:\Program Files\dotnet\shared\Microsoft.NETCore.App\6.0.8\System.Globalization.dll</ModulePath>
      <ModuleTime>2022-07-22T13:46:30Z</ModuleTime>
      <ModuleName>System.Globalization</ModuleName>
      <Classes />
    </Module>
    <Module skippedDueTo="Filter" hash="82-D8-50-E8-FB-7E-E1-EC-9F-A3-49-51-3E-54-56-4C-D9-B4-0C-95">
      <ModulePath>C:\Program Files\dotnet\shared\Microsoft.NETCore.App\6.0.8\System.Threading.dll</ModulePath>
      <ModuleTime>2022-07-22T13:46:22Z</ModuleTime>
      <ModuleName>System.Threading</ModuleName>
      <Classes />
    </Module>
    <Module skippedDueTo="Filter" hash="E0-0C-EE-C9-FB-A0-48-29-98-13-50-C1-FD-1E-29-24-83-83-DA-25">
      <ModulePath>C:\Program Files\dotnet\shared\Microsoft.NETCore.App\6.0.8\System.Diagnostics.TraceSource.dll</ModulePath>
      <ModuleTime>2022-07-22T13:45:50Z</ModuleTime>
      <ModuleName>System.Diagnostics.TraceSource</ModuleName>
      <Classes />
    </Module>
    <Module skippedDueTo="Filter" hash="34-A7-40-0C-86-9C-A5-BC-3D-7C-18-69-2B-D0-DF-11-90-49-18-A8">
      <ModulePath>C:\Program Files\dotnet\shared\Microsoft.NETCore.App\6.0.8\System.Runtime.InteropServices.RuntimeInformation.dll</ModulePath>
      <ModuleTime>2022-07-22T13:46:18Z</ModuleTime>
      <ModuleName>System.Runtime.InteropServices.RuntimeInformation</ModuleName>
      <Classes />
    </Module>
    <Module skippedDueTo="Filter" hash="43-F6-46-06-54-1B-0D-35-C4-1F-AB-62-B2-91-7F-36-AF-87-07-10">
      <ModulePath>C:\Program Files\dotnet\shared\Microsoft.NETCore.App\6.0.8\System.Memory.dll</ModulePath>
      <ModuleTime>2022-07-22T13:46:12Z</ModuleTime>
      <ModuleName>System.Memory</ModuleName>
      <Classes />
    </Module>
    <Module skippedDueTo="Filter" hash="12-E0-5A-AA-52-C3-FD-58-35-30-39-CA-0F-C9-00-E3-50-47-B3-DE">
      <ModulePath>C:\Program Files\dotnet\shared\Microsoft.NETCore.App\6.0.8\System.Threading.ThreadPool.dll</ModulePath>
      <ModuleTime>2022-07-22T13:46:34Z</ModuleTime>
      <ModuleName>System.Threading.ThreadPool</ModuleName>
      <Classes />
    </Module>
    <Module skippedDueTo="Filter" hash="B6-20-00-5C-73-82-14-75-6A-AC-A0-41-57-F1-22-B6-8E-7B-33-E2">
      <ModulePath>C:\Program Files\dotnet\shared\Microsoft.NETCore.App\6.0.8\System.Runtime.InteropServices.dll</ModulePath>
      <ModuleTime>2022-07-22T13:46:18Z</ModuleTime>
      <ModuleName>System.Runtime.InteropServices</ModuleName>
      <Classes />
    </Module>
    <Module skippedDueTo="Filter" hash="69-A4-94-5D-65-82-2E-70-60-82-6B-CD-69-83-5D-5C-9A-75-15-F6">
      <ModulePath>C:\Program Files\dotnet\shared\Microsoft.NETCore.App\6.0.8\Microsoft.Win32.Primitives.dll</ModulePath>
      <ModuleTime>2022-07-22T13:45:46Z</ModuleTime>
      <ModuleName>Microsoft.Win32.Primitives</ModuleName>
      <Classes />
    </Module>
    <Module skippedDueTo="Filter" hash="59-7B-71-11-71-73-99-F8-28-3E-FD-AF-4B-10-AA-49-AD-77-1B-EE">
      <ModulePath>C:\Program Files\dotnet\shared\Microsoft.NETCore.App\6.0.8\System.Net.Primitives.dll</ModulePath>
      <ModuleTime>2022-07-22T13:46:14Z</ModuleTime>
      <ModuleName>System.Net.Primitives</ModuleName>
      <Classes />
    </Module>
    <Module skippedDueTo="Filter" hash="95-05-9F-A8-E8-AB-C0-71-D4-DF-88-18-54-4F-F9-70-5A-7E-B8-F9">
      <ModulePath>C:\Program Files\dotnet\shared\Microsoft.NETCore.App\6.0.8\System.Net.Sockets.dll</ModulePath>
      <ModuleTime>2022-07-22T13:46:14Z</ModuleTime>
      <ModuleName>System.Net.Sockets</ModuleName>
      <Classes />
    </Module>
    <Module skippedDueTo="Filter" hash="AF-66-9B-A4-F8-1B-7F-61-4B-8A-33-5C-C5-6B-36-90-37-DF-95-4C">
      <ModulePath>C:\Program Files\dotnet\shared\Microsoft.NETCore.App\6.0.8\System.Private.Uri.dll</ModulePath>
      <ModuleTime>2022-07-22T13:46:14Z</ModuleTime>
      <ModuleName>System.Private.Uri</ModuleName>
      <Classes />
    </Module>
    <Module skippedDueTo="Filter" hash="9D-DB-C4-36-B5-E4-E6-74-19-8C-1B-7B-39-D3-49-33-8F-2B-A2-60">
      <ModulePath>C:\Program Files\dotnet\shared\Microsoft.NETCore.App\6.0.8\System.Threading.Overlapped.dll</ModulePath>
      <ModuleTime>2022-07-22T13:46:32Z</ModuleTime>
      <ModuleName>System.Threading.Overlapped</ModuleName>
      <Classes />
    </Module>
    <Module skippedDueTo="Filter" hash="43-F3-56-07-A4-36-04-65-02-B8-6E-DA-43-D8-74-19-B9-44-30-E1">
      <ModulePath>C:\WINDOWS\Microsoft.Net\assembly\GAC_MSIL\System.Numerics\v4.0_4.0.0.0__b77a5c561934e089\System.Numerics.dll</ModulePath>
      <ModuleTime>2019-12-07T09:10:37.6330785Z</ModuleTime>
      <ModuleName>System.Numerics</ModuleName>
      <Classes />
    </Module>
    <Module skippedDueTo="Filter" hash="D8-6C-0E-DE-D3-F3-89-1F-4E-53-95-F2-DE-32-A8-7D-6E-6B-F5-01">
      <ModulePath>C:\WINDOWS\Microsoft.Net\assembly\GAC_MSIL\System.Runtime.Serialization\v4.0_4.0.0.0__b77a5c561934e089\System.Runtime.Serialization.dll</ModulePath>
      <ModuleTime>2022-06-09T00:27:06.3983787Z</ModuleTime>
      <ModuleName>System.Runtime.Serialization</ModuleName>
      <Classes />
    </Module>
    <Module skippedDueTo="Filter" hash="76-4F-F2-57-05-34-3B-14-F0-74-D8-74-52-87-6D-06-AD-25-14-77">
      <ModulePath>C:\WINDOWS\Microsoft.Net\assembly\GAC_MSIL\System.Xml.Linq\v4.0_4.0.0.0__b77a5c561934e089\System.Xml.Linq.dll</ModulePath>
      <ModuleTime>2019-12-07T09:10:35.962301Z</ModuleTime>
      <ModuleName>System.Xml.Linq</ModuleName>
      <Classes />
    </Module>
    <Module skippedDueTo="Filter" hash="21-3E-3A-8B-46-45-70-F8-93-7F-E8-4F-11-2C-A9-07-D5-F5-E9-47">
      <ModulePath>C:\Program Files\dotnet\shared\Microsoft.NETCore.App\6.0.8\System.IO.dll</ModulePath>
      <ModuleTime>2022-07-22T13:44:54Z</ModuleTime>
      <ModuleName>System.IO</ModuleName>
      <Classes />
    </Module>
    <Module skippedDueTo="Filter" hash="20-5B-4E-0C-E0-1F-62-30-AC-58-B7-9F-79-CC-B4-36-E2-6C-32-A6">
      <ModulePath>C:\Program Files\dotnet\shared\Microsoft.NETCore.App\6.0.8\System.Dynamic.Runtime.dll</ModulePath>
      <ModuleTime>2022-07-22T13:45:18Z</ModuleTime>
      <ModuleName>System.Dynamic.Runtime</ModuleName>
      <Classes />
    </Module>
    <Module skippedDueTo="Filter" hash="5A-CA-DC-2C-12-55-CC-06-B0-D4-FC-C9-51-85-78-75-21-83-40-E2">
      <ModulePath>C:\Program Files\dotnet\shared\Microsoft.NETCore.App\6.0.8\System.Linq.Expressions.dll</ModulePath>
      <ModuleTime>2022-07-22T13:46:12Z</ModuleTime>
      <ModuleName>System.Linq.Expressions</ModuleName>
      <Classes />
    </Module>
    <Module skippedDueTo="Filter" hash="9B-ED-58-39-6D-41-C9-0B-0E-14-AC-71-C1-85-67-E0-49-F8-83-FE">
      <ModulePath>C:\Program Files\dotnet\shared\Microsoft.NETCore.App\6.0.8\System.Reflection.dll</ModulePath>
      <ModuleTime>2022-07-22T13:46:32Z</ModuleTime>
      <ModuleName>System.Reflection</ModuleName>
      <Classes />
    </Module>
    <Module skippedDueTo="Filter" hash="F9-97-62-E2-0B-94-78-81-B2-67-68-16-5F-C6-4A-E3-B5-99-C5-97">
      <ModulePath>C:\Program Files\dotnet\shared\Microsoft.NETCore.App\6.0.8\System.Reflection.Extensions.dll</ModulePath>
      <ModuleTime>2022-07-22T13:44:54Z</ModuleTime>
      <ModuleName>System.Reflection.Extensions</ModuleName>
      <Classes />
    </Module>
    <Module skippedDueTo="Filter" hash="5C-42-EC-60-46-B7-54-FE-84-9E-B5-D8-4A-44-C9-24-5A-C7-DD-AF">
      <ModulePath>C:\Program Files\dotnet\shared\Microsoft.NETCore.App\6.0.8\System.Linq.dll</ModulePath>
      <ModuleTime>2022-07-22T13:46:12Z</ModuleTime>
      <ModuleName>System.Linq</ModuleName>
      <Classes />
    </Module>
    <Module skippedDueTo="Filter" hash="E2-50-E7-0A-D4-F3-B3-43-18-28-9E-6C-3C-FD-35-73-F1-C7-EA-7C">
      <ModulePath>C:\Program Files\dotnet\shared\Microsoft.NETCore.App\6.0.8\System.ObjectModel.dll</ModulePath>
      <ModuleTime>2022-07-22T13:46:14Z</ModuleTime>
      <ModuleName>System.ObjectModel</ModuleName>
      <Classes />
    </Module>
    <Module skippedDueTo="Filter" hash="26-70-78-CF-1E-CE-3F-5E-AD-C8-19-C0-5D-E0-65-8A-42-10-C7-85">
      <ModulePath>C:\Program Files\dotnet\shared\Microsoft.NETCore.App\6.0.8\System.Xml.XDocument.dll</ModulePath>
      <ModuleTime>2022-07-22T13:45:30Z</ModuleTime>
      <ModuleName>System.Xml.XDocument</ModuleName>
      <Classes />
    </Module>
    <Module skippedDueTo="Filter" hash="E2-12-B7-9D-95-7F-4B-43-74-F8-9E-03-32-49-0B-2E-15-32-3E-07">
      <ModulePath>C:\Program Files\dotnet\shared\Microsoft.NETCore.App\6.0.8\System.Private.Xml.Linq.dll</ModulePath>
      <ModuleTime>2022-07-22T13:46:16Z</ModuleTime>
      <ModuleName>System.Private.Xml.Linq</ModuleName>
      <Classes />
    </Module>
    <Module skippedDueTo="Filter" hash="AC-87-87-11-27-13-B7-AC-AC-AF-DF-03-8C-E7-38-F3-DB-6F-08-B7">
      <ModulePath>C:\Program Files\dotnet\shared\Microsoft.NETCore.App\6.0.8\System.Private.Xml.dll</ModulePath>
      <ModuleTime>2022-07-22T13:46:16Z</ModuleTime>
      <ModuleName>System.Private.Xml</ModuleName>
      <Classes />
    </Module>
    <Module skippedDueTo="Filter" hash="E5-D8-2E-97-90-54-D4-AD-5D-26-5F-91-BA-BD-22-8F-64-2D-ED-B7">
      <ModulePath>C:\Program Files\dotnet\shared\Microsoft.NETCore.App\6.0.8\System.Text.RegularExpressions.dll</ModulePath>
      <ModuleTime>2022-07-22T13:46:22Z</ModuleTime>
      <ModuleName>System.Text.RegularExpressions</ModuleName>
      <Classes />
    </Module>
    <Module skippedDueTo="Filter" hash="CE-F4-B0-A2-15-5F-49-80-95-40-7F-E5-71-C9-1E-EA-2E-4F-7C-26">
      <ModulePath>C:\Program Files\dotnet\shared\Microsoft.NETCore.App\6.0.8\System.Reflection.Emit.ILGeneration.dll</ModulePath>
      <ModuleTime>2022-07-22T13:46:32Z</ModuleTime>
      <ModuleName>System.Reflection.Emit.ILGeneration</ModuleName>
      <Classes />
    </Module>
    <Module skippedDueTo="Filter" hash="4A-35-B6-10-33-49-11-D5-AE-F9-39-B1-A8-1C-40-7F-E8-87-3C-33">
      <ModulePath>C:\Program Files\dotnet\shared\Microsoft.NETCore.App\6.0.8\System.Reflection.Emit.Lightweight.dll</ModulePath>
      <ModuleTime>2022-07-22T13:46:32Z</ModuleTime>
      <ModuleName>System.Reflection.Emit.Lightweight</ModuleName>
      <Classes />
    </Module>
    <Module skippedDueTo="Filter" hash="63-90-A4-1B-26-B8-85-A4-F9-A6-B4-E3-C3-90-D6-9E-A6-CD-6C-93">
      <ModulePath>C:\Program Files\dotnet\shared\Microsoft.NETCore.App\6.0.8\System.Reflection.Primitives.dll</ModulePath>
      <ModuleTime>2022-07-22T13:46:34Z</ModuleTime>
      <ModuleName>System.Reflection.Primitives</ModuleName>
      <Classes />
    </Module>
    <Module skippedDueTo="Filter" hash="">
      <ModulePath>RefEmit_InMemoryManifestModule</ModulePath>
      <ModuleTime>0001-01-01T00:00:00</ModuleTime>
      <ModuleName>Anonymously Hosted DynamicMethods Assembly</ModuleName>
      <Classes />
    </Module>
    <Module skippedDueTo="Filter" hash="57-F7-CE-E0-C2-78-48-E0-D2-6C-8E-DC-25-0A-9A-47-B5-DD-D4-12">
      <ModulePath>C:\Program Files\dotnet\shared\Microsoft.NETCore.App\6.0.8\System.Collections.NonGeneric.dll</ModulePath>
      <ModuleTime>2022-07-22T13:45:48Z</ModuleTime>
      <ModuleName>System.Collections.NonGeneric</ModuleName>
      <Classes />
    </Module>
    <Module skippedDueTo="Filter" hash="F2-C1-C9-1A-16-52-37-BD-CF-20-56-81-00-26-68-8E-32-B3-19-4B">
      <ModulePath>C:\Program Files\dotnet\shared\Microsoft.NETCore.App\6.0.8\System.Runtime.Loader.dll</ModulePath>
      <ModuleTime>2022-07-22T13:46:34Z</ModuleTime>
      <ModuleName>System.Runtime.Loader</ModuleName>
      <Classes />
    </Module>
    <Module skippedDueTo="Filter" hash="A3-F2-2D-13-E1-48-13-E4-6D-23-94-E0-4F-2F-A2-7E-4F-E0-34-82">
      <ModulePath>C:\Users\Iain.Stevenson\Source\Repos\tectest-1\src\tectest1.Api.Domain.Tests\bin\Debug\net6.0\NUnit3.TestAdapter.dll</ModulePath>
      <ModuleTime>2022-01-21T13:24:20Z</ModuleTime>
      <ModuleName>NUnit3.TestAdapter</ModuleName>
      <Classes />
    </Module>
    <Module skippedDueTo="Filter" hash="23-03-2D-4B-8E-2F-7E-57-99-CF-DE-C5-CA-B2-4D-B1-34-A3-20-00">
      <ModulePath>C:\Program Files\dotnet\shared\Microsoft.NETCore.App\6.0.8\System.Resources.ResourceManager.dll</ModulePath>
      <ModuleTime>2022-07-22T13:46:32Z</ModuleTime>
      <ModuleName>System.Resources.ResourceManager</ModuleName>
      <Classes />
    </Module>
    <Module skippedDueTo="Filter" hash="96-D0-C4-87-C8-40-0D-BD-4D-8E-EC-B7-96-C0-E2-F5-A6-CB-B6-97">
      <ModulePath>C:\Users\Iain.Stevenson\Source\Repos\tectest-1\src\tectest1.Api.Domain.Tests\bin\Debug\net6.0\nunit.engine.api.dll</ModulePath>
      <ModuleTime>2022-01-06T01:40:56Z</ModuleTime>
      <ModuleName>nunit.engine.api</ModuleName>
      <Classes />
    </Module>
    <Module skippedDueTo="Filter" hash="14-F8-F6-AA-3F-1F-D6-16-56-57-D3-FB-B0-C8-04-11-91-36-18-09">
      <ModulePath>C:\Program Files\dotnet\shared\Microsoft.NETCore.App\6.0.8\System.Xml.ReaderWriter.dll</ModulePath>
      <ModuleTime>2022-07-22T13:45:30Z</ModuleTime>
      <ModuleName>System.Xml.ReaderWriter</ModuleName>
      <Classes />
    </Module>
    <Module skippedDueTo="Filter" hash="63-65-2F-58-37-A3-F2-A9-1A-69-C0-81-A9-B9-11-9C-0F-BA-5A-95">
      <ModulePath>C:\Program Files\dotnet\shared\Microsoft.NETCore.App\6.0.8\System.Runtime.CompilerServices.Unsafe.dll</ModulePath>
      <ModuleTime>2022-07-22T13:46:16Z</ModuleTime>
      <ModuleName>System.Runtime.CompilerServices.Unsafe</ModuleName>
      <Classes />
    </Module>
    <Module skippedDueTo="Filter" hash="6D-3E-57-B4-E3-F9-4A-6E-07-89-7A-F7-F2-72-A5-85-E2-1B-4A-62">
      <ModulePath>C:\Program Files\dotnet\shared\Microsoft.NETCore.App\6.0.8\System.IO.FileSystem.dll</ModulePath>
      <ModuleTime>2022-07-22T13:44:54Z</ModuleTime>
      <ModuleName>System.IO.FileSystem</ModuleName>
      <Classes />
    </Module>
    <Module skippedDueTo="Filter" hash="4B-4A-CF-D1-96-7C-D2-90-6B-76-84-54-B2-53-55-04-17-AA-9F-03">
      <ModulePath>C:\Users\Iain.Stevenson\Source\Repos\tectest-1\src\tectest1.Api.Domain.Tests\bin\Debug\net6.0\NuGet.Frameworks.dll</ModulePath>
      <ModuleTime>2021-06-01T20:46:32Z</ModuleTime>
      <ModuleName>NuGet.Frameworks</ModuleName>
      <Classes />
    </Module>
    <Module skippedDueTo="Filter" hash="A4-41-7F-1F-02-8C-FE-77-BA-05-C7-0A-41-70-18-2B-EF-27-CD-08">
      <ModulePath>C:\Program Files\dotnet\shared\Microsoft.NETCore.App\6.0.8\System.Reflection.Metadata.dll</ModulePath>
      <ModuleTime>2022-07-22T13:46:18Z</ModuleTime>
      <ModuleName>System.Reflection.Metadata</ModuleName>
      <Classes />
    </Module>
    <Module skippedDueTo="Filter" hash="7E-3A-06-7A-AD-6A-B9-E6-7E-AA-06-A0-3F-B0-E9-DC-38-20-71-2D">
      <ModulePath>C:\Program Files\dotnet\shared\Microsoft.NETCore.App\6.0.8\System.Collections.Immutable.dll</ModulePath>
      <ModuleTime>2022-07-22T13:45:50Z</ModuleTime>
      <ModuleName>System.Collections.Immutable</ModuleName>
      <Classes />
    </Module>
    <Module skippedDueTo="Filter" hash="30-0A-E3-49-7F-A8-08-F6-49-91-DD-9E-FF-E3-2E-AD-F8-83-27-E5">
      <ModulePath>C:\Users\Iain.Stevenson\Source\Repos\tectest-1\src\tectest1.Api.Domain.Tests\bin\Debug\net6.0\nunit.engine.dll</ModulePath>
      <ModuleTime>2022-01-06T01:40:58Z</ModuleTime>
      <ModuleName>nunit.engine</ModuleName>
      <Classes />
    </Module>
    <Module skippedDueTo="Filter" hash="DA-DF-86-66-54-9A-05-26-75-1F-C3-FF-33-E6-1E-C8-99-D9-90-56">
      <ModulePath>C:\Users\Iain.Stevenson\Source\Repos\tectest-1\src\tectest1.Api.Domain.Tests\bin\Debug\net6.0\nunit.engine.core.dll</ModulePath>
      <ModuleTime>2022-01-06T01:40:58Z</ModuleTime>
      <ModuleName>nunit.engine.core</ModuleName>
      <Classes />
    </Module>
    <Module skippedDueTo="Filter" hash="56-2A-11-24-B6-47-67-19-8B-04-DA-20-32-53-6D-BF-81-6C-77-21">
      <ModulePath>C:\Program Files\dotnet\shared\Microsoft.NETCore.App\6.0.8\System.Text.Encoding.Extensions.dll</ModulePath>
      <ModuleTime>2022-07-22T13:46:36Z</ModuleTime>
      <ModuleName>System.Text.Encoding.Extensions</ModuleName>
      <Classes />
    </Module>
    <Module skippedDueTo="Filter" hash="65-32-64-70-38-F6-EF-4B-97-25-D3-F0-CE-49-16-27-54-AC-B2-85">
      <ModulePath>C:\Users\Iain.Stevenson\Source\Repos\tectest-1\src\tectest1.Api.Domain.Tests\bin\Debug\net6.0\testcentric.engine.metadata.dll</ModulePath>
      <ModuleTime>2021-10-30T18:40:34Z</ModuleTime>
      <ModuleName>testcentric.engine.metadata</ModuleName>
      <Classes />
    </Module>
    <Module skippedDueTo="Filter" hash="90-48-7C-49-93-C5-55-27-12-AB-06-AB-68-D6-50-A7-38-F6-D9-CE">
      <ModulePath>C:\Users\Iain.Stevenson\Source\Repos\tectest-1\src\tectest1.Api.Domain.Tests\bin\Debug\net6.0\tectest1.Api.Domain.Tests.dll</ModulePath>
      <ModuleTime>2022-08-26T16:28:44.7699152Z</ModuleTime>
      <ModuleName>tectest1.Api.Domain.Tests</ModuleName>
      <Classes />
    </Module>
    <Module skippedDueTo="Filter" hash="8A-F2-50-E9-2B-4C-0C-62-D0-EC-36-A6-86-F1-A8-71-41-97-17-CD">
      <ModulePath>C:\Users\Iain.Stevenson\Source\Repos\tectest-1\src\tectest1.Api.Domain.Tests\bin\Debug\net6.0\nunit.framework.dll</ModulePath>
      <ModuleTime>2022-03-20T17:47:42Z</ModuleTime>
      <ModuleName>nunit.framework</ModuleName>
      <Classes />
    </Module>
    <Module skippedDueTo="Filter" hash="0D-D7-24-9D-F3-83-7A-74-58-96-E5-33-DE-0D-18-CB-8D-E3-37-71">
      <ModulePath>C:\Program Files\dotnet\shared\Microsoft.NETCore.App\6.0.8\System.Console.dll</ModulePath>
      <ModuleTime>2022-07-22T13:45:48Z</ModuleTime>
      <ModuleName>System.Console</ModuleName>
      <Classes />
    </Module>
    <Module hash="5E-60-8D-15-F9-89-6E-36-12-E9-95-C6-81-15-43-B6-36-00-11-79">
      <Summary numSequencePoints="136" visitedSequencePoints="135" numBranchPoints="57" visitedBranchPoints="54" sequenceCoverage="99.26" branchCoverage="94.74" maxCyclomaticComplexity="8" minCyclomaticComplexity="1" maxCrapScore="8" minCrapScore="1" visitedClasses="9" numClasses="9" visitedMethods="28" numMethods="29" />
      <ModulePath>C:\Users\Iain.Stevenson\Source\Repos\tectest-1\src\tectest1.Api.Domain.Tests\bin\Debug\net6.0\tectest1.Api.Domain.dll</ModulePath>
      <ModuleTime>2022-08-26T16:23:38.809691Z</ModuleTime>
      <ModuleName>tectest1.Api.Domain</ModuleName>
      <Files>
        <File uid="1" fullPath="C:\Users\Iain.Stevenson\Source\Repos\tectest-1\src\tectest1.Api.Domain\CustomCSVContentValidator.cs" />
        <File uid="3" fullPath="C:\Users\Iain.Stevenson\Source\Repos\tectest-1\src\tectest1.Api.Domain\RawMeterCSVConverter.cs" />
        <File uid="4" fullPath="C:\Users\Iain.Stevenson\Source\Repos\tectest-1\src\tectest1.Api.Domain\RawMeterReadingFilePostHandler.cs" />
        <File uid="6" fullPath="C:\Users\Iain.Stevenson\Source\Repos\tectest-1\src\tectest1.Api.Domain\RawMeterReadingFilePostRequest.cs" />
        <File uid="7" fullPath="C:\Users\Iain.Stevenson\Source\Repos\tectest-1\src\tectest1.Api.Domain\RawMeterReadingFilePostResponse.cs" />
        <File uid="8" fullPath="C:\Users\Iain.Stevenson\Source\Repos\tectest-1\src\tectest1.Api.Domain\RawMeterReadingValidator.cs" />
      </Files>
      <Classes>
        <Class>
          <Summary numSequencePoints="0" visitedSequencePoints="0" numBranchPoints="0" visitedBranchPoints="0" sequenceCoverage="0" branchCoverage="0" maxCyclomaticComplexity="0" minCyclomaticComplexity="0" maxCrapScore="0" minCrapScore="0" visitedClasses="0" numClasses="0" visitedMethods="0" numMethods="0" />
          <FullName>&lt;Module&gt;</FullName>
          <Methods />
        </Class>
        <Class>
          <Summary numSequencePoints="0" visitedSequencePoints="0" numBranchPoints="0" visitedBranchPoints="0" sequenceCoverage="0" branchCoverage="0" maxCyclomaticComplexity="1" minCyclomaticComplexity="1" maxCrapScore="2" minCrapScore="2" visitedClasses="0" numClasses="0" visitedMethods="0" numMethods="0" />
          <FullName>Microsoft.CodeAnalysis.EmbeddedAttribute</FullName>
          <Methods>
            <Method visited="false" cyclomaticComplexity="1" nPathComplexity="0" sequenceCoverage="0" branchCoverage="0" crapScore="2" isConstructor="true" isStatic="false" isGetter="false" isSetter="false">
              <Summary numSequencePoints="0" visitedSequencePoints="0" numBranchPoints="0" visitedBranchPoints="0" sequenceCoverage="0" branchCoverage="0" maxCyclomaticComplexity="1" minCyclomaticComplexity="1" maxCrapScore="2" minCrapScore="2" visitedClasses="0" numClasses="0" visitedMethods="0" numMethods="0" />
              <MetadataToken>100663297</MetadataToken>
              <Name>System.Void Microsoft.CodeAnalysis.EmbeddedAttribute::.ctor()</Name>
              <SequencePoints />
              <BranchPoints />
              <MethodPoint vc="0" uspid="1" ordinal="0" offset="0" />
            </Method>
          </Methods>
        </Class>
        <Class>
          <Summary numSequencePoints="0" visitedSequencePoints="0" numBranchPoints="0" visitedBranchPoints="0" sequenceCoverage="0" branchCoverage="0" maxCyclomaticComplexity="1" minCyclomaticComplexity="1" maxCrapScore="2" minCrapScore="2" visitedClasses="0" numClasses="0" visitedMethods="0" numMethods="0" />
          <FullName>System.Runtime.CompilerServices.NullableAttribute</FullName>
          <Methods>
            <Method visited="false" cyclomaticComplexity="1" nPathComplexity="0" sequenceCoverage="0" branchCoverage="0" crapScore="2" isConstructor="true" isStatic="false" isGetter="false" isSetter="false">
              <Summary numSequencePoints="0" visitedSequencePoints="0" numBranchPoints="0" visitedBranchPoints="0" sequenceCoverage="0" branchCoverage="0" maxCyclomaticComplexity="1" minCyclomaticComplexity="1" maxCrapScore="2" minCrapScore="2" visitedClasses="0" numClasses="0" visitedMethods="0" numMethods="0" />
              <MetadataToken>100663298</MetadataToken>
              <Name>System.Void System.Runtime.CompilerServices.NullableAttribute::.ctor(System.Byte)</Name>
              <SequencePoints />
              <BranchPoints />
              <MethodPoint vc="0" uspid="2" ordinal="0" offset="0" />
            </Method>
            <Method visited="false" cyclomaticComplexity="1" nPathComplexity="0" sequenceCoverage="0" branchCoverage="0" crapScore="2" isConstructor="true" isStatic="false" isGetter="false" isSetter="false">
              <Summary numSequencePoints="0" visitedSequencePoints="0" numBranchPoints="0" visitedBranchPoints="0" sequenceCoverage="0" branchCoverage="0" maxCyclomaticComplexity="1" minCyclomaticComplexity="1" maxCrapScore="2" minCrapScore="2" visitedClasses="0" numClasses="0" visitedMethods="0" numMethods="0" />
              <MetadataToken>100663299</MetadataToken>
              <Name>System.Void System.Runtime.CompilerServices.NullableAttribute::.ctor(System.Byte[])</Name>
              <SequencePoints />
              <BranchPoints />
              <MethodPoint vc="0" uspid="3" ordinal="0" offset="0" />
            </Method>
          </Methods>
        </Class>
        <Class>
          <Summary numSequencePoints="0" visitedSequencePoints="0" numBranchPoints="0" visitedBranchPoints="0" sequenceCoverage="0" branchCoverage="0" maxCyclomaticComplexity="1" minCyclomaticComplexity="1" maxCrapScore="2" minCrapScore="2" visitedClasses="0" numClasses="0" visitedMethods="0" numMethods="0" />
          <FullName>System.Runtime.CompilerServices.NullableContextAttribute</FullName>
          <Methods>
            <Method visited="false" cyclomaticComplexity="1" nPathComplexity="0" sequenceCoverage="0" branchCoverage="0" crapScore="2" isConstructor="true" isStatic="false" isGetter="false" isSetter="false">
              <Summary numSequencePoints="0" visitedSequencePoints="0" numBranchPoints="0" visitedBranchPoints="0" sequenceCoverage="0" branchCoverage="0" maxCyclomaticComplexity="1" minCyclomaticComplexity="1" maxCrapScore="2" minCrapScore="2" visitedClasses="0" numClasses="0" visitedMethods="0" numMethods="0" />
              <MetadataToken>100663300</MetadataToken>
              <Name>System.Void System.Runtime.CompilerServices.NullableContextAttribute::.ctor(System.Byte)</Name>
              <SequencePoints />
              <BranchPoints />
              <MethodPoint vc="0" uspid="4" ordinal="0" offset="0" />
            </Method>
          </Methods>
        </Class>
        <Class>
          <Summary numSequencePoints="19" visitedSequencePoints="19" numBranchPoints="11" visitedBranchPoints="11" sequenceCoverage="100" branchCoverage="100" maxCyclomaticComplexity="4" minCyclomaticComplexity="1" maxCrapScore="4" minCrapScore="2" visitedClasses="1" numClasses="1" visitedMethods="3" numMethods="3" />
          <FullName>tectest1.Api.Domain.CustomCSVContentValidator</FullName>
          <Methods>
            <Method visited="true" cyclomaticComplexity="4" nPathComplexity="8" sequenceCoverage="100" branchCoverage="100" crapScore="4" isConstructor="false" isStatic="false" isGetter="false" isSetter="false">
              <Summary numSequencePoints="11" visitedSequencePoints="11" numBranchPoints="7" visitedBranchPoints="7" sequenceCoverage="100" branchCoverage="100" maxCyclomaticComplexity="4" minCyclomaticComplexity="4" maxCrapScore="4" minCrapScore="4" visitedClasses="0" numClasses="0" visitedMethods="1" numMethods="1" />
              <MetadataToken>100663301</MetadataToken>
              <Name>System.Boolean tectest1.Api.Domain.CustomCSVContentValidator::Validate(System.String)</Name>
              <FileRef uid="1" />
              <SequencePoints>
                <SequencePoint vc="10" uspid="5" ordinal="0" offset="0" sl="11" sc="9" el="11" ec="10" bec="0" bev="0" fileid="1" />
                <SequencePoint vc="10" uspid="6" ordinal="1" offset="1" sl="12" sc="13" el="12" ec="52" bec="2" bev="2" fileid="1" />
                <SequencePoint vc="3" uspid="7" ordinal="2" offset="11" sl="13" sc="13" el="13" ec="14" bec="0" bev="0" fileid="1" />
                <SequencePoint vc="3" uspid="8" ordinal="3" offset="12" sl="14" sc="17" el="14" ec="30" bec="0" bev="0" fileid="1" />
                <SequencePoint vc="7" uspid="9" ordinal="4" offset="16" sl="16" sc="13" el="16" ec="47" bec="0" bev="0" fileid="1" />
                <SequencePoint vc="7" uspid="10" ordinal="5" offset="23" sl="17" sc="13" el="17" ec="50" bec="2" bev="2" fileid="1" />
                <SequencePoint vc="1" uspid="11" ordinal="6" offset="34" sl="17" sc="51" el="17" ec="64" bec="0" bev="0" fileid="1" />
                <SequencePoint vc="6" uspid="12" ordinal="7" offset="38" sl="18" sc="13" el="18" ec="53" bec="2" bev="2" fileid="1" />
                <SequencePoint vc="1" uspid="13" ordinal="8" offset="51" sl="18" sc="54" el="18" ec="67" bec="0" bev="0" fileid="1" />
                <SequencePoint vc="5" uspid="14" ordinal="9" offset="55" sl="19" sc="13" el="19" ec="25" bec="0" bev="0" fileid="1" />
                <SequencePoint vc="10" uspid="15" ordinal="10" offset="59" sl="20" sc="9" el="20" ec="10" bec="0" bev="0" fileid="1" />
              </SequencePoints>
              <BranchPoints>
                <BranchPoint vc="3" uspid="16" ordinal="0" offset="9" sl="12" path="0" offsetend="11" fileid="1" />
                <BranchPoint vc="7" uspid="17" ordinal="1" offset="9" sl="12" path="1" offsetend="16" fileid="1" />
                <BranchPoint vc="1" uspid="18" ordinal="2" offset="32" sl="17" path="0" offsetend="34" fileid="1" />
                <BranchPoint vc="6" uspid="19" ordinal="3" offset="32" sl="17" path="1" offsetend="38" fileid="1" />
                <BranchPoint vc="1" uspid="20" ordinal="4" offset="49" sl="18" path="0" offsetend="51" fileid="1" />
                <BranchPoint vc="5" uspid="21" ordinal="5" offset="49" sl="18" path="1" offsetend="55" fileid="1" />
              </BranchPoints>
              <MethodPoint xsi:type="SequencePoint" vc="10" uspid="5" ordinal="0" offset="0" sl="11" sc="9" el="11" ec="10" bec="0" bev="0" fileid="1" />
            </Method>
            <Method visited="true" cyclomaticComplexity="2" nPathComplexity="2" sequenceCoverage="100" branchCoverage="100" crapScore="2" isConstructor="false" isStatic="false" isGetter="false" isSetter="false">
              <Summary numSequencePoints="3" visitedSequencePoints="3" numBranchPoints="3" visitedBranchPoints="3" sequenceCoverage="100" branchCoverage="100" maxCyclomaticComplexity="2" minCyclomaticComplexity="2" maxCrapScore="2" minCrapScore="2" visitedClasses="0" numClasses="0" visitedMethods="1" numMethods="1" />
              <MetadataToken>100663302</MetadataToken>
              <Name>System.Boolean tectest1.Api.Domain.CustomCSVContentValidator::ContentHasUnsuitableChars(System.Char[])</Name>
              <FileRef uid="1" />
              <SequencePoints>
                <SequencePoint vc="7" uspid="22" ordinal="0" offset="0" sl="23" sc="9" el="23" ec="10" bec="0" bev="0" fileid="1" />
                <SequencePoint vc="7" uspid="23" ordinal="1" offset="1" sl="24" sc="13" el="24" ec="62" bec="2" bev="2" fileid="1" />
                <SequencePoint vc="7" uspid="24" ordinal="2" offset="27" sl="25" sc="9" el="25" ec="10" bec="0" bev="0" fileid="1" />
              </SequencePoints>
              <BranchPoints>
                <BranchPoint vc="6" uspid="25" ordinal="0" offset="9" sl="24" path="0" offsetend="11" fileid="1" />
                <BranchPoint vc="1" uspid="26" ordinal="1" offset="9" sl="24" path="1" offsetend="23" fileid="1" />
              </BranchPoints>
              <MethodPoint xsi:type="SequencePoint" vc="7" uspid="22" ordinal="0" offset="0" sl="23" sc="9" el="23" ec="10" bec="0" bev="0" fileid="1" />
            </Method>
            <Method visited="true" cyclomaticComplexity="3" nPathComplexity="0" sequenceCoverage="100" branchCoverage="100" crapScore="3" isConstructor="false" isStatic="false" isGetter="false" isSetter="false">
              <Summary numSequencePoints="5" visitedSequencePoints="5" numBranchPoints="1" visitedBranchPoints="1" sequenceCoverage="100" branchCoverage="100" maxCyclomaticComplexity="3" minCyclomaticComplexity="3" maxCrapScore="3" minCrapScore="3" visitedClasses="0" numClasses="0" visitedMethods="1" numMethods="1" />
              <MetadataToken>100663303</MetadataToken>
              <Name>System.Boolean tectest1.Api.Domain.CustomCSVContentValidator::ContentLacksEnoughDelimiters(System.Char[])</Name>
              <FileRef uid="1" />
              <SequencePoints>
                <SequencePoint vc="6" uspid="27" ordinal="0" offset="0" sl="28" sc="9" el="28" ec="10" bec="0" bev="0" fileid="1" />
                <SequencePoint vc="6" uspid="28" ordinal="1" offset="1" sl="29" sc="13" el="29" ec="65" bec="0" bev="0" fileid="1" />
                <SequencePoint vc="6" uspid="29" ordinal="2" offset="39" sl="30" sc="13" el="30" ec="55" bec="0" bev="0" fileid="1" />
                <SequencePoint vc="6" uspid="30" ordinal="3" offset="77" sl="31" sc="13" el="31" ec="67" bec="0" bev="0" fileid="1" />
                <SequencePoint vc="6" uspid="31" ordinal="4" offset="86" sl="32" sc="9" el="32" ec="10" bec="0" bev="0" fileid="1" />
              </SequencePoints>
              <BranchPoints />
              <MethodPoint xsi:type="SequencePoint" vc="6" uspid="27" ordinal="0" offset="0" sl="28" sc="9" el="28" ec="10" bec="0" bev="0" fileid="1" />
            </Method>
            <Method visited="false" cyclomaticComplexity="1" nPathComplexity="0" sequenceCoverage="0" branchCoverage="0" crapScore="2" isConstructor="true" isStatic="false" isGetter="false" isSetter="false">
              <Summary numSequencePoints="0" visitedSequencePoints="0" numBranchPoints="0" visitedBranchPoints="0" sequenceCoverage="0" branchCoverage="0" maxCyclomaticComplexity="1" minCyclomaticComplexity="1" maxCrapScore="2" minCrapScore="2" visitedClasses="0" numClasses="0" visitedMethods="0" numMethods="0" />
              <MetadataToken>100663304</MetadataToken>
              <Name>System.Void tectest1.Api.Domain.CustomCSVContentValidator::.ctor()</Name>
              <SequencePoints />
              <BranchPoints />
              <MethodPoint vc="0" uspid="32" ordinal="0" offset="0" />
            </Method>
          </Methods>
        </Class>
        <Class>
          <Summary numSequencePoints="2" visitedSequencePoints="2" numBranchPoints="2" visitedBranchPoints="2" sequenceCoverage="100" branchCoverage="100" maxCyclomaticComplexity="1" minCyclomaticComplexity="1" maxCrapScore="2" minCrapScore="1" visitedClasses="1" numClasses="1" visitedMethods="2" numMethods="2" />
          <FullName>tectest1.Api.Domain.CustomCSVContentValidator/&lt;&gt;c</FullName>
          <Methods>
            <Method visited="false" cyclomaticComplexity="1" nPathComplexity="0" sequenceCoverage="0" branchCoverage="0" crapScore="2" isConstructor="true" isStatic="true" isGetter="false" isSetter="false">
              <Summary numSequencePoints="0" visitedSequencePoints="0" numBranchPoints="0" visitedBranchPoints="0" sequenceCoverage="0" branchCoverage="0" maxCyclomaticComplexity="1" minCyclomaticComplexity="1" maxCrapScore="2" minCrapScore="2" visitedClasses="0" numClasses="0" visitedMethods="0" numMethods="0" />
              <MetadataToken>100663354</MetadataToken>
              <Name>System.Void tectest1.Api.Domain.CustomCSVContentValidator/&lt;&gt;c::.cctor()</Name>
              <SequencePoints />
              <BranchPoints />
              <MethodPoint vc="0" uspid="33" ordinal="0" offset="0" />
            </Method>
            <Method visited="false" cyclomaticComplexity="1" nPathComplexity="0" sequenceCoverage="0" branchCoverage="0" crapScore="2" isConstructor="true" isStatic="false" isGetter="false" isSetter="false">
              <Summary numSequencePoints="0" visitedSequencePoints="0" numBranchPoints="0" visitedBranchPoints="0" sequenceCoverage="0" branchCoverage="0" maxCyclomaticComplexity="1" minCyclomaticComplexity="1" maxCrapScore="2" minCrapScore="2" visitedClasses="0" numClasses="0" visitedMethods="0" numMethods="0" />
              <MetadataToken>100663355</MetadataToken>
              <Name>System.Void tectest1.Api.Domain.CustomCSVContentValidator/&lt;&gt;c::.ctor()</Name>
              <SequencePoints />
              <BranchPoints />
              <MethodPoint vc="0" uspid="34" ordinal="0" offset="0" />
            </Method>
            <Method visited="true" cyclomaticComplexity="1" nPathComplexity="0" sequenceCoverage="100" branchCoverage="100" crapScore="1" isConstructor="false" isStatic="false" isGetter="false" isSetter="false">
              <Summary numSequencePoints="1" visitedSequencePoints="1" numBranchPoints="1" visitedBranchPoints="1" sequenceCoverage="100" branchCoverage="100" maxCyclomaticComplexity="1" minCyclomaticComplexity="1" maxCrapScore="1" minCrapScore="1" visitedClasses="0" numClasses="0" visitedMethods="1" numMethods="1" />
              <MetadataToken>100663356</MetadataToken>
              <Name>System.Boolean tectest1.Api.Domain.CustomCSVContentValidator/&lt;&gt;c::&lt;ContentLacksEnoughDelimiters&gt;b__6_0(System.Char)</Name>
              <FileRef uid="1" />
              <SequencePoints>
                <SequencePoint vc="3318" uspid="35" ordinal="0" offset="0" sl="29" sc="49" el="29" ec="63" bec="0" bev="0" fileid="1" />
              </SequencePoints>
              <BranchPoints />
              <MethodPoint xsi:type="SequencePoint" vc="3318" uspid="35" ordinal="0" offset="0" sl="29" sc="49" el="29" ec="63" bec="0" bev="0" fileid="1" />
            </Method>
            <Method visited="true" cyclomaticComplexity="1" nPathComplexity="0" sequenceCoverage="100" branchCoverage="100" crapScore="1" isConstructor="false" isStatic="false" isGetter="false" isSetter="false">
              <Summary numSequencePoints="1" visitedSequencePoints="1" numBranchPoints="1" visitedBranchPoints="1" sequenceCoverage="100" branchCoverage="100" maxCyclomaticComplexity="1" minCyclomaticComplexity="1" maxCrapScore="1" minCrapScore="1" visitedClasses="0" numClasses="0" visitedMethods="1" numMethods="1" />
              <MetadataToken>100663357</MetadataToken>
              <Name>System.Boolean tectest1.Api.Domain.CustomCSVContentValidator/&lt;&gt;c::&lt;ContentLacksEnoughDelimiters&gt;b__6_1(System.Char)</Name>
              <FileRef uid="1" />
              <SequencePoints>
                <SequencePoint vc="3318" uspid="36" ordinal="0" offset="0" sl="30" sc="44" el="30" ec="53" bec="0" bev="0" fileid="1" />
              </SequencePoints>
              <BranchPoints />
              <MethodPoint xsi:type="SequencePoint" vc="3318" uspid="36" ordinal="0" offset="0" sl="30" sc="44" el="30" ec="53" bec="0" bev="0" fileid="1" />
            </Method>
          </Methods>
        </Class>
        <Class>
          <Summary numSequencePoints="18" visitedSequencePoints="18" numBranchPoints="3" visitedBranchPoints="3" sequenceCoverage="100" branchCoverage="100" maxCyclomaticComplexity="3" minCyclomaticComplexity="1" maxCrapScore="3" minCrapScore="2" visitedClasses="1" numClasses="1" visitedMethods="1" numMethods="1" />
          <FullName>tectest1.Api.Domain.RawMeterCSVConverter</FullName>
          <Methods>
            <Method visited="true" cyclomaticComplexity="3" nPathComplexity="2" sequenceCoverage="100" branchCoverage="100" crapScore="3" isConstructor="false" isStatic="false" isGetter="false" isSetter="false">
              <Summary numSequencePoints="18" visitedSequencePoints="18" numBranchPoints="3" visitedBranchPoints="3" sequenceCoverage="100" branchCoverage="100" maxCyclomaticComplexity="3" minCyclomaticComplexity="3" maxCrapScore="3" minCrapScore="3" visitedClasses="0" numClasses="0" visitedMethods="1" numMethods="1" />
              <MetadataToken>100663308</MetadataToken>
              <Name>System.Collections.Generic.Dictionary`2&lt;System.Int32,tectest1.Api.Domain.Models.RawMeterReading&gt; tectest1.Api.Domain.RawMeterCSVConverter::Convert(System.String[],System.Int32)</Name>
              <FileRef uid="3" />
              <SequencePoints>
                <SequencePoint vc="7" uspid="37" ordinal="0" offset="0" sl="10" sc="9" el="10" ec="10" bec="0" bev="0" fileid="3" />
                <SequencePoint vc="7" uspid="38" ordinal="1" offset="1" sl="11" sc="13" el="11" ec="61" bec="0" bev="0" fileid="3" />
                <SequencePoint vc="7" uspid="39" ordinal="2" offset="7" sl="12" sc="13" el="12" ec="42" bec="0" bev="0" fileid="3" />
                <SequencePoint vc="7" uspid="40" ordinal="3" offset="9" sl="13" sc="13" el="13" ec="20" bec="0" bev="0" fileid="3" />
                <SequencePoint vc="7" uspid="41" ordinal="4" offset="10" sl="13" sc="34" el="13" ec="39" bec="0" bev="0" fileid="3" />
                <SequencePoint vc="110" uspid="42" ordinal="5" offset="16" sl="13" sc="22" el="13" ec="30" bec="0" bev="0" fileid="3" />
                <SequencePoint vc="110" uspid="43" ordinal="6" offset="21" sl="14" sc="13" el="14" ec="14" bec="0" bev="0" fileid="3" />
                <SequencePoint vc="110" uspid="44" ordinal="7" offset="22" sl="15" sc="17" el="15" ec="60" bec="0" bev="0" fileid="3" />
                <SequencePoint vc="110" uspid="45" ordinal="8" offset="34" sl="17" sc="17" el="17" ec="40" bec="2" bev="2" fileid="3" />
                <SequencePoint vc="2" uspid="46" ordinal="9" offset="47" sl="18" sc="17" el="18" ec="18" bec="0" bev="0" fileid="3" />
                <SequencePoint vc="2" uspid="47" ordinal="10" offset="48" sl="19" sc="21" el="19" ec="30" bec="0" bev="0" fileid="3" />
                <SequencePoint vc="2" uspid="48" ordinal="11" offset="52" sl="20" sc="21" el="20" ec="30" bec="0" bev="0" fileid="3" />
                <SequencePoint vc="108" uspid="49" ordinal="12" offset="54" sl="23" sc="17" el="28" ec="19" bec="0" bev="0" fileid="3" />
                <SequencePoint vc="108" uspid="50" ordinal="13" offset="94" sl="29" sc="17" el="29" ec="47" bec="0" bev="0" fileid="3" />
                <SequencePoint vc="108" uspid="51" ordinal="14" offset="108" sl="31" sc="13" el="31" ec="14" bec="0" bev="0" fileid="3" />
                <SequencePoint vc="117" uspid="52" ordinal="15" offset="113" sl="13" sc="31" el="13" ec="33" bec="0" bev="0" fileid="3" />
                <SequencePoint vc="7" uspid="53" ordinal="16" offset="119" sl="32" sc="13" el="32" ec="27" bec="0" bev="0" fileid="3" />
                <SequencePoint vc="7" uspid="54" ordinal="17" offset="124" sl="33" sc="9" el="33" ec="10" bec="0" bev="0" fileid="3" />
              </SequencePoints>
              <BranchPoints>
                <BranchPoint vc="2" uspid="55" ordinal="0" offset="45" sl="17" path="0" offsetend="47" fileid="3" />
                <BranchPoint vc="108" uspid="56" ordinal="1" offset="45" sl="17" path="1" offsetend="54" fileid="3" />
              </BranchPoints>
              <MethodPoint xsi:type="SequencePoint" vc="7" uspid="37" ordinal="0" offset="0" sl="10" sc="9" el="10" ec="10" bec="0" bev="0" fileid="3" />
            </Method>
            <Method visited="false" cyclomaticComplexity="1" nPathComplexity="0" sequenceCoverage="0" branchCoverage="0" crapScore="2" isConstructor="true" isStatic="false" isGetter="false" isSetter="false">
              <Summary numSequencePoints="0" visitedSequencePoints="0" numBranchPoints="0" visitedBranchPoints="0" sequenceCoverage="0" branchCoverage="0" maxCyclomaticComplexity="1" minCyclomaticComplexity="1" maxCrapScore="2" minCrapScore="2" visitedClasses="0" numClasses="0" visitedMethods="0" numMethods="0" />
              <MetadataToken>100663309</MetadataToken>
              <Name>System.Void tectest1.Api.Domain.RawMeterCSVConverter::.ctor()</Name>
              <SequencePoints />
              <BranchPoints />
              <MethodPoint vc="0" uspid="59" ordinal="0" offset="0" />
            </Method>
          </Methods>
        </Class>
        <Class>
          <Summary numSequencePoints="72" visitedSequencePoints="72" numBranchPoints="16" visitedBranchPoints="14" sequenceCoverage="100" branchCoverage="87.5" maxCyclomaticComplexity="8" minCyclomaticComplexity="1" maxCrapScore="8" minCrapScore="1" visitedClasses="1" numClasses="1" visitedMethods="6" numMethods="6" />
          <FullName>tectest1.Api.Domain.RawMeterReadingFilePostHandler</FullName>
          <Methods>
            <Method visited="true" cyclomaticComplexity="1" nPathComplexity="0" sequenceCoverage="100" branchCoverage="100" crapScore="1" isConstructor="true" isStatic="false" isGetter="false" isSetter="false">
              <Summary numSequencePoints="9" visitedSequencePoints="9" numBranchPoints="1" visitedBranchPoints="1" sequenceCoverage="100" branchCoverage="100" maxCyclomaticComplexity="1" minCyclomaticComplexity="1" maxCrapScore="1" minCrapScore="1" visitedClasses="0" numClasses="0" visitedMethods="1" numMethods="1" />
              <MetadataToken>100663310</MetadataToken>
              <Name>System.Void tectest1.Api.Domain.RawMeterReadingFilePostHandler::.ctor(Microsoft.Extensions.Logging.ILogger`1&lt;tectest1.Api.Domain.RawMeterReadingFilePostHandler&gt;,tectest1.Api.Domain.ICSVConvertor`1&lt;tectest1.Api.Domain.Models.RawMeterReading&gt;,tectest1.Api.Domain.IRawContentValidator,FluentValidation.IValidator`1&lt;tectest1.Api.Domain.Models.RawMeterReading&gt;,tectest1.Api.Domain.ICreateRepository`1&lt;tectest1.Api.Domain.Models.MeterReadingUpload&gt;,System.Boolean)</Name>
              <FileRef uid="4" />
              <SequencePoints>
                <SequencePoint vc="5" uspid="60" ordinal="0" offset="0" sl="18" sc="9" el="24" ec="39" bec="0" bev="0" fileid="4" />
                <SequencePoint vc="5" uspid="61" ordinal="1" offset="7" sl="25" sc="9" el="25" ec="10" bec="0" bev="0" fileid="4" />
                <SequencePoint vc="5" uspid="62" ordinal="2" offset="8" sl="26" sc="13" el="26" ec="30" bec="0" bev="0" fileid="4" />
                <SequencePoint vc="5" uspid="63" ordinal="3" offset="15" sl="27" sc="13" el="27" ec="36" bec="0" bev="0" fileid="4" />
                <SequencePoint vc="5" uspid="64" ordinal="4" offset="22" sl="28" sc="13" el="28" ec="36" bec="0" bev="0" fileid="4" />
                <SequencePoint vc="5" uspid="65" ordinal="5" offset="30" sl="29" sc="13" el="29" ec="44" bec="0" bev="0" fileid="4" />
                <SequencePoint vc="5" uspid="66" ordinal="6" offset="38" sl="30" sc="13" el="30" ec="56" bec="0" bev="0" fileid="4" />
                <SequencePoint vc="5" uspid="67" ordinal="7" offset="45" sl="31" sc="13" el="31" ec="62" bec="0" bev="0" fileid="4" />
                <SequencePoint vc="5" uspid="68" ordinal="8" offset="53" sl="32" sc="9" el="32" ec="10" bec="0" bev="0" fileid="4" />
              </SequencePoints>
              <BranchPoints />
              <MethodPoint xsi:type="SequencePoint" vc="5" uspid="60" ordinal="0" offset="0" sl="18" sc="9" el="24" ec="39" bec="0" bev="0" fileid="4" />
            </Method>
            <Method visited="true" cyclomaticComplexity="8" nPathComplexity="16" sequenceCoverage="100" branchCoverage="77.78" crapScore="8" isConstructor="false" isStatic="false" isGetter="false" isSetter="false">
              <Summary numSequencePoints="21" visitedSequencePoints="21" numBranchPoints="9" visitedBranchPoints="7" sequenceCoverage="100" branchCoverage="77.78" maxCyclomaticComplexity="8" minCyclomaticComplexity="8" maxCrapScore="8" minCrapScore="8" visitedClasses="0" numClasses="0" visitedMethods="1" numMethods="1" />
              <MetadataToken>100663311</MetadataToken>
              <Name>System.Threading.Tasks.Task`1&lt;tectest1.Api.Domain.RawMeterReadingFilePostResponse&gt; tectest1.Api.Domain.RawMeterReadingFilePostHandler::Handle(tectest1.Api.Domain.RawMeterReadingFilePostRequest,System.Threading.CancellationToken)</Name>
              <FileRef uid="4" />
              <SequencePoints>
                <SequencePoint vc="5" uspid="69" ordinal="0" offset="0" sl="35" sc="9" el="35" ec="10" bec="0" bev="0" fileid="4" />
                <SequencePoint vc="5" uspid="70" ordinal="1" offset="1" sl="36" sc="13" el="36" ec="93" bec="0" bev="0" fileid="4" />
                <SequencePoint vc="5" uspid="71" ordinal="2" offset="43" sl="37" sc="13" el="37" ec="101" bec="0" bev="0" fileid="4" />
                <SequencePoint vc="5" uspid="72" ordinal="3" offset="56" sl="39" sc="13" el="39" ec="95" bec="0" bev="0" fileid="4" />
                <SequencePoint vc="5" uspid="73" ordinal="4" offset="98" sl="40" sc="13" el="40" ec="81" bec="0" bev="0" fileid="4" />
                <SequencePoint vc="5" uspid="74" ordinal="5" offset="116" sl="41" sc="13" el="41" ec="33" bec="2" bev="2" fileid="4" />
                <SequencePoint vc="1" uspid="75" ordinal="6" offset="126" sl="41" sc="34" el="41" ec="67" bec="0" bev="0" fileid="4" />
                <SequencePoint vc="4" uspid="76" ordinal="7" offset="139" sl="43" sc="13" el="43" ec="57" bec="0" bev="0" fileid="4" />
                <SequencePoint vc="4" uspid="77" ordinal="8" offset="161" sl="44" sc="13" el="44" ec="97" bec="0" bev="0" fileid="4" />
                <SequencePoint vc="4" uspid="78" ordinal="9" offset="179" sl="45" sc="13" el="45" ec="46" bec="0" bev="0" fileid="4" />
                <SequencePoint vc="4" uspid="79" ordinal="10" offset="189" sl="47" sc="13" el="47" ec="91" bec="0" bev="0" fileid="4" />
                <SequencePoint vc="4" uspid="80" ordinal="11" offset="223" sl="48" sc="13" el="48" ec="84" bec="2" bev="1" fileid="4" />
                <SequencePoint vc="4" uspid="81" ordinal="12" offset="244" sl="50" sc="13" el="50" ec="35" bec="2" bev="2" fileid="4" />
                <SequencePoint vc="1" uspid="82" ordinal="13" offset="255" sl="50" sc="36" el="50" ec="69" bec="0" bev="0" fileid="4" />
                <SequencePoint vc="3" uspid="83" ordinal="14" offset="268" sl="51" sc="13" el="51" ec="46" bec="0" bev="0" fileid="4" />
                <SequencePoint vc="3" uspid="84" ordinal="15" offset="278" sl="53" sc="13" el="53" ec="79" bec="0" bev="0" fileid="4" />
                <SequencePoint vc="3" uspid="85" ordinal="16" offset="312" sl="54" sc="13" el="54" ec="104" bec="2" bev="1" fileid="4" />
                <SequencePoint vc="3" uspid="86" ordinal="17" offset="337" sl="56" sc="13" el="56" ec="112" bec="0" bev="0" fileid="4" />
                <SequencePoint vc="3" uspid="87" ordinal="18" offset="405" sl="58" sc="13" el="58" ec="49" bec="0" bev="0" fileid="4" />
                <SequencePoint vc="3" uspid="88" ordinal="19" offset="414" sl="60" sc="13" el="60" ec="46" bec="0" bev="0" fileid="4" />
                <SequencePoint vc="5" uspid="89" ordinal="20" offset="424" sl="61" sc="9" el="61" ec="10" bec="0" bev="0" fileid="4" />
              </SequencePoints>
              <BranchPoints>
                <BranchPoint vc="1" uspid="90" ordinal="0" offset="124" sl="41" path="0" offsetend="126" fileid="4" />
                <BranchPoint vc="4" uspid="91" ordinal="1" offset="124" sl="41" path="1" offsetend="139" fileid="4" />
                <BranchPoint vc="0" uspid="92" ordinal="2" offset="232" sl="48" path="0" offsetend="234" fileid="4" />
                <BranchPoint vc="4" uspid="93" ordinal="3" offset="232" sl="48" path="1" offsetend="237" fileid="4" />
                <BranchPoint vc="1" uspid="94" ordinal="4" offset="253" sl="50" path="0" offsetend="255" fileid="4" />
[...]
              <Summary numSequencePoints="1" visitedSequencePoints="0" numBranchPoints="1" visitedBranchPoints="0" sequenceCoverage="0" branchCoverage="0" maxCyclomaticComplexity="1" minCyclomaticComplexity="1" maxCrapScore="2" minCrapScore="2" visitedClasses="0" numClasses="0" visitedMethods="0" numMethods="1" />
              <MetadataToken>100663322</MetadataToken>
              <Name>System.Void tectest1.Api.Domain.RawMeterReadingFilePostResponse::set_Reasons(System.Collections.Generic.Dictionary`2&lt;System.Int32,System.Collections.Generic.List`1&lt;FluentValidation.Results.ValidationFailure&gt;&gt;)</Name>
              <FileRef uid="7" />
              <SequencePoints>
                <SequencePoint vc="0" uspid="155" ordinal="0" offset="0" sl="10" sc="72" el="10" ec="76" bec="0" bev="0" fileid="7" />
              </SequencePoints>
              <BranchPoints />
              <MethodPoint xsi:type="SequencePoint" vc="0" uspid="155" ordinal="0" offset="0" sl="10" sc="72" el="10" ec="76" bec="0" bev="0" fileid="7" />
            </Method>
            <Method visited="true" cyclomaticComplexity="1" nPathComplexity="0" sequenceCoverage="100" branchCoverage="100" crapScore="1" isConstructor="false" isStatic="false" isGetter="true" isSetter="false">
              <Summary numSequencePoints="1" visitedSequencePoints="1" numBranchPoints="1" visitedBranchPoints="1" sequenceCoverage="100" branchCoverage="100" maxCyclomaticComplexity="1" minCyclomaticComplexity="1" maxCrapScore="1" minCrapScore="1" visitedClasses="0" numClasses="0" visitedMethods="1" numMethods="1" />
              <MetadataToken>100663323</MetadataToken>
              <Name>System.Int32 tectest1.Api.Domain.RawMeterReadingFilePostResponse::get_Rejected()</Name>
              <FileRef uid="7" />
              <SequencePoints>
                <SequencePoint vc="32" uspid="156" ordinal="0" offset="0" sl="13" sc="13" el="13" ec="17" bec="0" bev="0" fileid="7" />
              </SequencePoints>
              <BranchPoints />
              <MethodPoint xsi:type="SequencePoint" vc="32" uspid="156" ordinal="0" offset="0" sl="13" sc="13" el="13" ec="17" bec="0" bev="0" fileid="7" />
            </Method>
            <Method visited="true" cyclomaticComplexity="1" nPathComplexity="0" sequenceCoverage="100" branchCoverage="100" crapScore="1" isConstructor="false" isStatic="false" isGetter="false" isSetter="true">
              <Summary numSequencePoints="1" visitedSequencePoints="1" numBranchPoints="1" visitedBranchPoints="1" sequenceCoverage="100" branchCoverage="100" maxCyclomaticComplexity="1" minCyclomaticComplexity="1" maxCrapScore="1" minCrapScore="1" visitedClasses="0" numClasses="0" visitedMethods="1" numMethods="1" />
              <MetadataToken>100663324</MetadataToken>
              <Name>System.Void tectest1.Api.Domain.RawMeterReadingFilePostResponse::set_Rejected(System.Int32)</Name>
              <FileRef uid="7" />
              <SequencePoints>
                <SequencePoint vc="40" uspid="157" ordinal="0" offset="0" sl="13" sc="18" el="13" ec="22" bec="0" bev="0" fileid="7" />
              </SequencePoints>
              <BranchPoints />
              <MethodPoint xsi:type="SequencePoint" vc="40" uspid="157" ordinal="0" offset="0" sl="13" sc="18" el="13" ec="22" bec="0" bev="0" fileid="7" />
            </Method>
            <Method visited="true" cyclomaticComplexity="1" nPathComplexity="0" sequenceCoverage="100" branchCoverage="100" crapScore="1" isConstructor="true" isStatic="false" isGetter="false" isSetter="false">
              <Summary numSequencePoints="1" visitedSequencePoints="1" numBranchPoints="1" visitedBranchPoints="1" sequenceCoverage="100" branchCoverage="100" maxCyclomaticComplexity="1" minCyclomaticComplexity="1" maxCrapScore="1" minCrapScore="1" visitedClasses="0" numClasses="0" visitedMethods="1" numMethods="1" />
              <MetadataToken>100663325</MetadataToken>
              <Name>System.Void tectest1.Api.Domain.RawMeterReadingFilePostResponse::.ctor()</Name>
              <FileRef uid="7" />
              <SequencePoints>
                <SequencePoint vc="5" uspid="158" ordinal="0" offset="0" sl="10" sc="81" el="10" ec="86" bec="0" bev="0" fileid="7" />
              </SequencePoints>
              <BranchPoints />
              <MethodPoint xsi:type="SequencePoint" vc="5" uspid="158" ordinal="0" offset="0" sl="10" sc="81" el="10" ec="86" bec="0" bev="0" fileid="7" />
            </Method>
          </Methods>
        </Class>
        <Class>
          <Summary numSequencePoints="9" visitedSequencePoints="9" numBranchPoints="1" visitedBranchPoints="1" sequenceCoverage="100" branchCoverage="100" maxCyclomaticComplexity="4" minCyclomaticComplexity="4" maxCrapScore="4" minCrapScore="4" visitedClasses="1" numClasses="1" visitedMethods="1" numMethods="1" />
          <FullName>tectest1.Api.Domain.RawMeterReadingValidator</FullName>
          <Methods>
            <Method visited="true" cyclomaticComplexity="4" nPathComplexity="0" sequenceCoverage="100" branchCoverage="100" crapScore="4" isConstructor="true" isStatic="false" isGetter="false" isSetter="false">
              <Summary numSequencePoints="9" visitedSequencePoints="9" numBranchPoints="1" visitedBranchPoints="1" sequenceCoverage="100" branchCoverage="100" maxCyclomaticComplexity="4" minCyclomaticComplexity="4" maxCrapScore="4" minCrapScore="4" visitedClasses="0" numClasses="0" visitedMethods="1" numMethods="1" />
              <MetadataToken>100663326</MetadataToken>
              <Name>System.Void tectest1.Api.Domain.RawMeterReadingValidator::.ctor()</Name>
              <FileRef uid="8" />
              <SequencePoints>
                <SequencePoint vc="10" uspid="159" ordinal="0" offset="0" sl="8" sc="9" el="8" ec="42" bec="0" bev="0" fileid="8" />
                <SequencePoint vc="10" uspid="160" ordinal="1" offset="7" sl="9" sc="9" el="9" ec="10" bec="0" bev="0" fileid="8" />
                <SequencePoint vc="10" uspid="161" ordinal="2" offset="8" sl="10" sc="13" el="10" ec="50" bec="0" bev="0" fileid="8" />
                <SequencePoint vc="10" uspid="162" ordinal="3" offset="77" sl="11" sc="13" el="11" ec="61" bec="0" bev="0" fileid="8" />
                <SequencePoint vc="10" uspid="163" ordinal="4" offset="146" sl="12" sc="13" el="12" ec="58" bec="0" bev="0" fileid="8" />
                <SequencePoint vc="10" uspid="164" ordinal="5" offset="215" sl="14" sc="13" el="18" ec="52" bec="0" bev="0" fileid="8" />
                <SequencePoint vc="10" uspid="165" ordinal="6" offset="325" sl="20" sc="13" el="24" ec="52" bec="0" bev="0" fileid="8" />
                <SequencePoint vc="10" uspid="166" ordinal="7" offset="435" sl="25" sc="13" el="30" ec="50" bec="0" bev="0" fileid="8" />
                <SequencePoint vc="10" uspid="167" ordinal="8" offset="545" sl="32" sc="9" el="32" ec="10" bec="0" bev="0" fileid="8" />
              </SequencePoints>
              <BranchPoints />
              <MethodPoint xsi:type="SequencePoint" vc="10" uspid="159" ordinal="0" offset="0" sl="8" sc="9" el="8" ec="42" bec="0" bev="0" fileid="8" />
            </Method>
          </Methods>
        </Class>
        <Class>
          <Summary numSequencePoints="3" visitedSequencePoints="3" numBranchPoints="11" visitedBranchPoints="11" sequenceCoverage="100" branchCoverage="100" maxCyclomaticComplexity="3" minCyclomaticComplexity="1" maxCrapScore="3" minCrapScore="2" visitedClasses="1" numClasses="1" visitedMethods="3" numMethods="3" />
          <FullName>tectest1.Api.Domain.RawMeterReadingValidator/&lt;&gt;c</FullName>
          <Methods>
            <Method visited="false" cyclomaticComplexity="1" nPathComplexity="0" sequenceCoverage="0" branchCoverage="0" crapScore="2" isConstructor="true" isStatic="true" isGetter="false" isSetter="false">
              <Summary numSequencePoints="0" visitedSequencePoints="0" numBranchPoints="0" visitedBranchPoints="0" sequenceCoverage="0" branchCoverage="0" maxCyclomaticComplexity="1" minCyclomaticComplexity="1" maxCrapScore="2" minCrapScore="2" visitedClasses="0" numClasses="0" visitedMethods="0" numMethods="0" />
              <MetadataToken>100663363</MetadataToken>
              <Name>System.Void tectest1.Api.Domain.RawMeterReadingValidator/&lt;&gt;c::.cctor()</Name>
              <SequencePoints />
              <BranchPoints />
              <MethodPoint vc="0" uspid="168" ordinal="0" offset="0" />
            </Method>
            <Method visited="false" cyclomaticComplexity="1" nPathComplexity="0" sequenceCoverage="0" branchCoverage="0" crapScore="2" isConstructor="true" isStatic="false" isGetter="false" isSetter="false">
              <Summary numSequencePoints="0" visitedSequencePoints="0" numBranchPoints="0" visitedBranchPoints="0" sequenceCoverage="0" branchCoverage="0" maxCyclomaticComplexity="1" minCyclomaticComplexity="1" maxCrapScore="2" minCrapScore="2" visitedClasses="0" numClasses="0" visitedMethods="0" numMethods="0" />
              <MetadataToken>100663364</MetadataToken>
              <Name>System.Void tectest1.Api.Domain.RawMeterReadingValidator/&lt;&gt;c::.ctor()</Name>
              <SequencePoints />
              <BranchPoints />
              <MethodPoint vc="0" uspid="169" ordinal="0" offset="0" />
            </Method>
            <Method visited="true" cyclomaticComplexity="2" nPathComplexity="2" sequenceCoverage="100" branchCoverage="100" crapScore="2" isConstructor="false" isStatic="false" isGetter="false" isSetter="false">
              <Summary numSequencePoints="1" visitedSequencePoints="1" numBranchPoints="3" visitedBranchPoints="3" sequenceCoverage="100" branchCoverage="100" maxCyclomaticComplexity="2" minCyclomaticComplexity="2" maxCrapScore="2" minCrapScore="2" visitedClasses="0" numClasses="0" visitedMethods="1" numMethods="1" />
              <MetadataToken>100663365</MetadataToken>
              <Name>System.Boolean tectest1.Api.Domain.RawMeterReadingValidator/&lt;&gt;c::&lt;.ctor&gt;b__0_4(System.String)</Name>
              <FileRef uid="8" />
              <SequencePoints>
                <SequencePoint vc="77" uspid="170" ordinal="0" offset="0" sl="16" sc="21" el="17" ec="28" bec="2" bev="2" fileid="8" />
              </SequencePoints>
              <BranchPoints>
                <BranchPoint vc="76" uspid="171" ordinal="0" offset="8" sl="16" path="0" offsetend="10" fileid="8" />
                <BranchPoint vc="1" uspid="172" ordinal="1" offset="8" sl="16" path="1" offsetend="16" fileid="8" />
              </BranchPoints>
              <MethodPoint xsi:type="SequencePoint" vc="77" uspid="170" ordinal="0" offset="0" sl="16" sc="21" el="17" ec="28" bec="2" bev="2" fileid="8" />
            </Method>
            <Method visited="true" cyclomaticComplexity="2" nPathComplexity="2" sequenceCoverage="100" branchCoverage="100" crapScore="2" isConstructor="false" isStatic="false" isGetter="false" isSetter="false">
              <Summary numSequencePoints="1" visitedSequencePoints="1" numBranchPoints="3" visitedBranchPoints="3" sequenceCoverage="100" branchCoverage="100" maxCyclomaticComplexity="2" minCyclomaticComplexity="2" maxCrapScore="2" minCrapScore="2" visitedClasses="0" numClasses="0" visitedMethods="1" numMethods="1" />
              <MetadataToken>100663366</MetadataToken>
              <Name>System.Boolean tectest1.Api.Domain.RawMeterReadingValidator/&lt;&gt;c::&lt;.ctor&gt;b__0_6(System.String)</Name>
              <FileRef uid="8" />
              <SequencePoints>
                <SequencePoint vc="77" uspid="173" ordinal="0" offset="0" sl="22" sc="21" el="23" ec="50" bec="2" bev="2" fileid="8" />
              </SequencePoints>
              <BranchPoints>
                <BranchPoint vc="76" uspid="174" ordinal="0" offset="8" sl="22" path="0" offsetend="10" fileid="8" />
                <BranchPoint vc="1" uspid="175" ordinal="1" offset="8" sl="22" path="1" offsetend="23" fileid="8" />
              </BranchPoints>
              <MethodPoint xsi:type="SequencePoint" vc="77" uspid="173" ordinal="0" offset="0" sl="22" sc="21" el="23" ec="50" bec="2" bev="2" fileid="8" />
            </Method>
            <Method visited="true" cyclomaticComplexity="3" nPathComplexity="4" sequenceCoverage="100" branchCoverage="100" crapScore="3" isConstructor="false" isStatic="false" isGetter="false" isSetter="false">
              <Summary numSequencePoints="1" visitedSequencePoints="1" numBranchPoints="5" visitedBranchPoints="5" sequenceCoverage="100" branchCoverage="100" maxCyclomaticComplexity="3" minCyclomaticComplexity="3" maxCrapScore="3" minCrapScore="3" visitedClasses="0" numClasses="0" visitedMethods="1" numMethods="1" />
              <MetadataToken>100663367</MetadataToken>
              <Name>System.Boolean tectest1.Api.Domain.RawMeterReadingValidator/&lt;&gt;c::&lt;.ctor&gt;b__0_8(System.String)</Name>
              <FileRef uid="8" />
              <SequencePoints>
                <SequencePoint vc="77" uspid="176" ordinal="0" offset="0" sl="27" sc="21" el="29" ec="33" bec="3" bev="3" fileid="8" />
              </SequencePoints>
              <BranchPoints>
                <BranchPoint vc="68" uspid="177" ordinal="0" offset="8" sl="27" path="0" offsetend="10" fileid="8" />
                <BranchPoint vc="9" uspid="178" ordinal="1" offset="8" sl="27" path="1" offsetend="27" fileid="8" />
                <BranchPoint vc="61" uspid="179" ordinal="2" offset="12" sl="27" path="0" offsetend="14" fileid="8" />
                <BranchPoint vc="16" uspid="180" ordinal="3" offset="12" sl="27" path="1" offsetend="27" fileid="8" />
              </BranchPoints>
              <MethodPoint xsi:type="SequencePoint" vc="77" uspid="176" ordinal="0" offset="0" sl="27" sc="21" el="29" ec="33" bec="3" bev="3" fileid="8" />
            </Method>
          </Methods>
        </Class>
        <Class skippedDueTo="Attribute">
          <FullName>tectest1.Api.Domain.Models.Account</FullName>
          <Methods />
        </Class>
        <Class skippedDueTo="Attribute">
          <FullName>tectest1.Api.Domain.Models.MeterReadingUpload</FullName>
          <Methods />
        </Class>
        <Class skippedDueTo="Attribute">
          <FullName>tectest1.Api.Domain.Models.RawMeterReading</FullName>
          <Methods />
        </Class>
      </Classes>
    </Module>
    <Module skippedDueTo="Filter" hash="55-F5-83-C5-F6-70-91-34-CD-5F-F4-CC-09-F1-63-78-F0-FA-8E-CF">
      <ModulePath>C:\Users\Iain.Stevenson\Source\Repos\tectest-1\src\tectest1.Api.Domain.Tests\bin\Debug\net6.0\MediatR.dll</ModulePath>
      <ModuleTime>2022-01-10T14:27:08Z</ModuleTime>
      <ModuleName>MediatR</ModuleName>
      <Classes />
    </Module>
    <Module skippedDueTo="Filter" hash="06-68-22-E4-CC-5C-4D-9C-0A-98-B0-91-6D-7A-9D-8A-97-82-EB-79">
      <ModulePath>C:\Users\Iain.Stevenson\Source\Repos\tectest-1\src\tectest1.Api.Domain.Tests\bin\Debug\net6.0\MediatR.Contracts.dll</ModulePath>
      <ModuleTime>2022-01-10T14:06:26Z</ModuleTime>
      <ModuleName>MediatR.Contracts</ModuleName>
      <Classes />
    </Module>
    <Module skippedDueTo="Filter" hash="7D-B6-59-B6-7C-74-29-CA-85-4D-74-D1-CD-43-D0-23-D2-16-01-AE">
      <ModulePath>C:\Users\Iain.Stevenson\Source\Repos\tectest-1\src\tectest1.Api.Domain.Tests\bin\Debug\net6.0\FluentValidation.dll</ModulePath>
      <ModuleTime>2022-08-08T18:36:04Z</ModuleTime>
      <ModuleName>FluentValidation</ModuleName>
      <Classes />
    </Module>
    <Module skippedDueTo="Filter" hash="D4-52-CB-88-A4-2A-02-DC-91-79-11-33-5A-CA-C6-BB-B2-A1-1A-F9">
      <ModulePath>C:\Program Files\dotnet\shared\Microsoft.NETCore.App\6.0.8\System.Collections.Concurrent.dll</ModulePath>
      <ModuleTime>2022-07-22T13:45:52Z</ModuleTime>
      <ModuleName>System.Collections.Concurrent</ModuleName>
      <Classes />
    </Module>
    <Module skippedDueTo="Filter" hash="E6-CA-83-2F-C4-7E-7C-F8-B2-68-F6-BA-F1-68-C3-C8-8C-4A-4D-83">
      <ModulePath>C:\Program Files\dotnet\shared\Microsoft.NETCore.App\6.0.8\System.ComponentModel.TypeConverter.dll</ModulePath>
      <ModuleTime>2022-07-22T13:45:48Z</ModuleTime>
      <ModuleName>System.ComponentModel.TypeConverter</ModuleName>
      <Classes />
    </Module>
    <Module skippedDueTo="Filter" hash="0D-87-99-D2-F9-8D-ED-C3-B0-AF-80-6A-53-92-40-C5-F5-2A-48-26">
      <ModulePath>C:\Users\Iain.Stevenson\Source\Repos\tectest-1\src\tectest1.Api.Domain.Tests\bin\Debug\net6.0\Microsoft.Extensions.Logging.Abstractions.dll</ModulePath>
      <ModuleTime>2022-02-24T00:12:48Z</ModuleTime>
      <ModuleName>Microsoft.Extensions.Logging.Abstractions</ModuleName>
      <Classes />
    </Module>
    <Module skippedDueTo="Filter" hash="80-DD-DB-D8-05-89-7F-31-0E-32-EF-18-94-08-87-D8-10-DB-50-AF">
      <ModulePath>C:\Users\Iain.Stevenson\Source\Repos\tectest-1\src\tectest1.Api.Domain.Tests\bin\Debug\net6.0\NSubstitute.dll</ModulePath>
      <ModuleTime>2022-07-10T06:55:18Z</ModuleTime>
      <ModuleName>NSubstitute</ModuleName>
      <Classes />
    </Module>
    <Module skippedDueTo="Filter" hash="EF-B4-13-79-A4-48-DA-4C-36-8F-56-94-D0-67-5F-99-66-2D-27-C6">
      <ModulePath>C:\Users\Iain.Stevenson\Source\Repos\tectest-1\src\tectest1.Api.Domain.Tests\bin\Debug\net6.0\Castle.Core.dll</ModulePath>
      <ModuleTime>2022-05-11T13:52:28Z</ModuleTime>
      <ModuleName>Castle.Core</ModuleName>
      <Classes />
    </Module>
    <Module skippedDueTo="Filter" hash="82-B5-7D-8C-84-9E-CF-AB-4B-65-A6-3A-36-D5-89-B0-88-DA-86-9D">
      <ModulePath>C:\Program Files\dotnet\shared\Microsoft.NETCore.App\6.0.8\System.Security.Cryptography.Primitives.dll</ModulePath>
      <ModuleTime>2022-07-22T13:46:22Z</ModuleTime>
      <ModuleName>System.Security.Cryptography.Primitives</ModuleName>
      <Classes />
    </Module>
    <Module skippedDueTo="Filter" hash="D6-5F-91-9B-5F-7C-34-16-EE-38-56-13-06-53-B3-93-BA-07-44-E4">
      <ModulePath>C:\Program Files\dotnet\shared\Microsoft.NETCore.App\6.0.8\System.Security.Cryptography.Algorithms.dll</ModulePath>
      <ModuleTime>2022-07-22T13:46:20Z</ModuleTime>
      <ModuleName>System.Security.Cryptography.Algorithms</ModuleName>
      <Classes />
    </Module>
    <Module skippedDueTo="Filter" hash="C4-08-CA-A5-E3-4A-FA-02-50-64-96-A8-E2-9E-63-F5-D0-E0-6B-D6">
      <ModulePath>C:\Program Files\dotnet\shared\Microsoft.NETCore.App\6.0.8\System.Reflection.Emit.dll</ModulePath>
      <ModuleTime>2022-07-22T13:46:30Z</ModuleTime>
      <ModuleName>System.Reflection.Emit</ModuleName>
      <Classes />
    </Module>
    <Module skippedDueTo="Filter" hash="">
      <ModulePath>RefEmit_InMemoryManifestModule</ModulePath>
      <ModuleTime>0001-01-01T00:00:00</ModuleTime>
      <ModuleName>DynamicProxyGenAssembly2</ModuleName>
      <Classes />
    </Module>
    <Module skippedDueTo="Filter" hash="10-EB-06-C2-F5-99-30-D8-6D-01-96-4B-6C-A0-AB-D3-06-A9-04-9D">
      <ModulePath>C:\WINDOWS\Microsoft.Net\assembly\GAC_MSIL\SMDiagnostics\v4.0_4.0.0.0__b77a5c561934e089\SMDiagnostics.dll</ModulePath>
      <ModuleTime>2022-06-09T00:27:06.3827562Z</ModuleTime>
      <ModuleName>SMDiagnostics</ModuleName>
      <Classes />
    </Module>
    <Module skippedDueTo="Filter" hash="">
      <ModulePath>RefEmit_InMemoryManifestModule</ModulePath>
      <ModuleTime>0001-01-01T00:00:00</ModuleTime>
      <ModuleName>DynamicProxyGenAssembly2</ModuleName>
      <Classes />
    </Module>
    <Module skippedDueTo="Filter" hash="E7-DF-AC-7F-57-20-0F-DC-3A-4D-C3-E4-1A-DD-1E-06-1A-44-72-56">
      <ModulePath>C:\WINDOWS\Microsoft.Net\assembly\GAC_MSIL\System.ServiceModel.Internals\v4.0_4.0.0.0__31bf3856ad364e35\System.ServiceModel.Internals.dll</ModulePath>
      <ModuleTime>2022-06-09T00:27:06.3983787Z</ModuleTime>
      <ModuleName>System.ServiceModel.Internals</ModuleName>
      <Classes />
    </Module>
  </Modules>
</CoverageSession>